[INFO][2022-08-20 09:40:24.014][33032]./threadPool/threadPool.h:93(init): Init thread success
[INFO][2022-08-20 09:40:24.014][33047]./threadPool/threadPool.h:120(run): Running...
[INFO][2022-08-20 09:40:24.014][33048]./threadPool/threadPool.h:120(run): Running...
[INFO][2022-08-20 09:40:24.014][33046]./threadPool/threadPool.h:120(run): Running...
[INFO][2022-08-20 09:40:24.014][33045]./threadPool/threadPool.h:120(run): Running...
[INFO][2022-08-20 09:40:30.478][33032]main.cpp:156(main): accept new client[127.0.0.1]
[INFO][2022-08-20 09:40:30.478][33032]main.cpp:170(main): Connect socket[30]
[INFO][2022-08-20 09:40:30.478][33032]main.cpp:253(main): deal with client[30]
[DEBUG][2022-08-20 09:40:30.478][33047]./http/httpconn.cpp:119(process): [request]GET / HTTP/1.1
User-Agent: curl/7.29.0
Host: 127.0.0.1:1234
Accept: */*


[INFO][2022-08-20 09:40:30.478][33047]./http/httpconn.cpp:217(get_request): Get source ./root/judge.html
[INFO][2022-08-20 09:40:30.478][33032]main.cpp:271(main): write to client[30], url[/], ip[127.0.0.1]
[INFO][2022-08-20 09:40:30.478][33032]./http/httpconn.cpp:65(write_once): write:HTTP/1.1 200 OK
Data: Sat, 20 Aug 2022 01:40:30 GMT
Connection: keep-alive
Server: Bowu.server v1.0Content-Length: 586

[INFO][2022-08-20 09:40:30.478][33032]main.cpp:273(main): Close socket, client[30]
[INFO][2022-08-20 09:41:33.872][33032]main.cpp:156(main): accept new client[127.0.0.1]
[INFO][2022-08-20 09:41:33.873][33032]main.cpp:170(main): Connect socket[30]
[INFO][2022-08-20 09:41:33.873][33032]main.cpp:253(main): deal with client[30]
[DEBUG][2022-08-20 09:41:33.873][33047]./http/httpconn.cpp:119(process): [request]GET / HTTP/1.1
User-Agent: curl/7.29.0
Host: 127.0.0.1:1234
Accept: */*


[INFO][2022-08-20 09:41:33.873][33047]./http/httpconn.cpp:217(get_request): Get source ./root/judge.html
[INFO][2022-08-20 09:41:33.873][33032]main.cpp:271(main): write to client[30], url[/], ip[127.0.0.1]
[INFO][2022-08-20 09:41:33.873][33032]./http/httpconn.cpp:65(write_once): write:HTTP/1.1 200 OK
Data: Sat, 20 Aug 2022 01:41:33 GMT
Connection: keep-alive
Server: Bowu.server v1.0Content-Length: 586

[INFO][2022-08-20 09:41:33.873][33032]main.cpp:273(main): Close socket, client[30]
[INFO][2022-08-20 09:41:45.806][33032]main.cpp:156(main): accept new client[127.0.0.1]
[INFO][2022-08-20 09:41:45.806][33032]main.cpp:170(main): Connect socket[30]
[INFO][2022-08-20 09:41:45.806][33032]main.cpp:253(main): deal with client[30]
[DEBUG][2022-08-20 09:41:45.806][33047]./http/httpconn.cpp:119(process): [request]GET / HTTP/1.1
User-Agent: PostmanRuntime/7.29.2
Accept: */*
Postman-Token: 43d66289-7381-45e2-bd3c-cdb15d5b3b51
Host: 127.0.0.1:1234
Accept-Encoding: gzip, deflate, br
Connection: keep-alive


[INFO][2022-08-20 09:41:45.806][33047]./http/httpconn.cpp:217(get_request): Get source ./root/judge.html
[INFO][2022-08-20 09:41:45.807][33032]main.cpp:271(main): write to client[30], url[/], ip[127.0.0.1]
[INFO][2022-08-20 09:41:45.807][33032]./http/httpconn.cpp:65(write_once): write:HTTP/1.1 200 OK
Data: Sat, 20 Aug 2022 01:41:45 GMT
Connection: keep-alive
Server: Bowu.server v1.0Content-Length: 586

[INFO][2022-08-20 09:41:45.808][33032]main.cpp:228(main): Client close socket [127.0.0.1]
