[INFO][2022-08-20 09:43:07.812][33918]./threadPool/threadPool.h:93(init): Init thread success
[INFO][2022-08-20 09:43:07.812][33934]./threadPool/threadPool.h:120(run): Running...
[INFO][2022-08-20 09:43:07.812][33932]./threadPool/threadPool.h:120(run): Running...
[INFO][2022-08-20 09:43:07.812][33931]./threadPool/threadPool.h:120(run): Running...
[INFO][2022-08-20 09:43:07.812][33933]./threadPool/threadPool.h:120(run): Running...
[INFO][2022-08-20 09:43:10.323][33918]main.cpp:156(main): accept new client[127.0.0.1]
[INFO][2022-08-20 09:43:10.323][33918]main.cpp:170(main): Connect socket[30]
[INFO][2022-08-20 09:43:10.325][33918]main.cpp:253(main): deal with client[30]
[DEBUG][2022-08-20 09:43:10.326][33934]./http/httpconn.cpp:119(process): [request]GET / HTTP/1.1
User-Agent: PostmanRuntime/7.29.2
Accept: */*
Postman-Token: 57142dfe-9ca1-46a5-8c29-8089c536b9e2
Host: 127.0.0.1:1234
Accept-Encoding: gzip, deflate, br
Connection: keep-alive


[INFO][2022-08-20 09:43:10.326][33934]./http/httpconn.cpp:217(get_request): Get source ./root/judge.html
[INFO][2022-08-20 09:43:10.326][33918]main.cpp:271(main): write to client[30], url[/], ip[127.0.0.1]
[INFO][2022-08-20 09:43:10.326][33918]./http/httpconn.cpp:65(write_once): write:HTTP/1.1 200 OK
Data: Sat, 20 Aug 2022 01:43:10 GMT
Connection: keep-alive
Server: Bowu.server v1.0
Content-Length: 586


[INFO][2022-08-20 09:43:13.824][33918]main.cpp:290(main): Close socket, client[127.0.0.1]
[INFO][2022-08-20 09:43:16.460][33918]main.cpp:156(main): accept new client[127.0.0.1]
[INFO][2022-08-20 09:43:16.460][33918]main.cpp:170(main): Connect socket[30]
[INFO][2022-08-20 09:43:16.571][33918]main.cpp:253(main): deal with client[30]
[DEBUG][2022-08-20 09:43:16.571][33934]./http/httpconn.cpp:119(process): [request]GET / HTTP/1.1
Host: 127.0.0.1:1234
User-Agent: Mozilla/5.0 (X11; Linux x86_64; rv:91.0) Gecko/20100101 Firefox/91.0
Accept: text/html,application/xhtml+xml,application/xml;q=0.9,image/webp,*/*;q=0.8
Accept-Language: zh-CN,zh;q=0.8,zh-TW;q=0.7,zh-HK;q=0.5,en-US;q=0.3,en;q=0.2
Accept-Encoding: gzip, deflate
Connection: keep-alive
Upgrade-Insecure-Requests: 1
Sec-Fetch-Dest: document
Sec-Fetch-Mode: navigate
Sec-Fetch-Site: none
Sec-Fetch-User: ?1


[INFO][2022-08-20 09:43:16.571][33934]./http/httpconn.cpp:217(get_request): Get source ./root/judge.html
[INFO][2022-08-20 09:43:16.571][33918]main.cpp:271(main): write to client[30], url[/], ip[127.0.0.1]
[INFO][2022-08-20 09:43:16.571][33918]./http/httpconn.cpp:65(write_once): write:HTTP/1.1 200 OK
Data: Sat, 20 Aug 2022 01:43:16 GMT
Connection: keep-alive
Server: Bowu.server v1.0
Content-Length: 586


[INFO][2022-08-20 09:43:16.746][33918]main.cpp:253(main): deal with client[30]
[DEBUG][2022-08-20 09:43:16.746][33932]./http/httpconn.cpp:119(process): [request]GET /favicon.ico HTTP/1.1
Host: 127.0.0.1:1234
User-Agent: Mozilla/5.0 (X11; Linux x86_64; rv:91.0) Gecko/20100101 Firefox/91.0
Accept: image/webp,*/*
Accept-Language: zh-CN,zh;q=0.8,zh-TW;q=0.7,zh-HK;q=0.5,en-US;q=0.3,en;q=0.2
Accept-Encoding: gzip, deflate
Connection: keep-alive
Referer: http://127.0.0.1:1234/
Sec-Fetch-Dest: image
Sec-Fetch-Mode: no-cors
Sec-Fetch-Site: same-origin


[INFO][2022-08-20 09:43:16.746][33932]./http/httpconn.cpp:217(get_request): Get source ./root/favicon.ico
[INFO][2022-08-20 09:43:16.746][33918]main.cpp:271(main): write to client[30], url[/favicon.ico], ip[127.0.0.1]
[INFO][2022-08-20 09:43:16.746][33918]./http/httpconn.cpp:65(write_once): write:HTTP/1.1 200 OK
Data: Sat, 20 Aug 2022 01:43:16 GMT
Connection: keep-alive
Server: Bowu.server v1.0
Content-Length: 4286


[INFO][2022-08-20 09:43:16.747][33918]main.cpp:273(main): Close socket, client[30]
[INFO][2022-08-20 09:43:18.635][33918]main.cpp:156(main): accept new client[127.0.0.1]
[INFO][2022-08-20 09:43:18.635][33918]main.cpp:170(main): Connect socket[30]
[INFO][2022-08-20 09:43:18.635][33918]main.cpp:253(main): deal with client[30]
[DEBUG][2022-08-20 09:43:18.635][33932]./http/httpconn.cpp:119(process): [request]POST /0 HTTP/1.1
Host: 127.0.0.1:1234
User-Agent: Mozilla/5.0 (X11; Linux x86_64; rv:91.0) Gecko/20100101 Firefox/91.0
Accept: text/html,application/xhtml+xml,application/xml;q=0.9,image/webp,*/*;q=0.8
Accept-Language: zh-CN,zh;q=0.8,zh-TW;q=0.7,zh-HK;q=0.5,en-US;q=0.3,en;q=0.2
Accept-Encoding: gzip, deflate
Content-Type: application/x-www-form-urlencoded
Content-Length: 0
Origin: http://127.0.0.1:1234
Connection: keep-alive
Referer: http://127.0.0.1:1234/
Upgrade-Insecure-Requests: 1
Sec-Fetch-Dest: document
Sec-Fetch-Mode: navigate
Sec-Fetch-Site: same-origin
Sec-Fetch-User: ?1


[INFO][2022-08-20 09:43:18.635][33932]./http/httpconn.cpp:249(get_request): 404NoFound
[INFO][2022-08-20 09:43:18.636][33918]main.cpp:271(main): write to client[30], url[/0], ip[127.0.0.1]
[INFO][2022-08-20 09:43:18.636][33918]./http/httpconn.cpp:65(write_once): write:HTTP/1.1 404 Not Found
Data: Sat, 20 Aug 2022 01:43:18 GMT
Connection: keep-alive
Server: Bowu.server v1.0
Content-Length: 296


[INFO][2022-08-20 09:43:18.698][33918]main.cpp:253(main): deal with client[30]
[DEBUG][2022-08-20 09:43:18.699][33932]./http/httpconn.cpp:119(process): [request]GET /404.JPG HTTP/1.1
Host: 127.0.0.1:1234
User-Agent: Mozilla/5.0 (X11; Linux x86_64; rv:91.0) Gecko/20100101 Firefox/91.0
Accept: image/webp,*/*
Accept-Language: zh-CN,zh;q=0.8,zh-TW;q=0.7,zh-HK;q=0.5,en-US;q=0.3,en;q=0.2
Accept-Encoding: gzip, deflate
Connection: keep-alive
Referer: http://127.0.0.1:1234/0
Sec-Fetch-Dest: image
Sec-Fetch-Mode: no-cors
Sec-Fetch-Site: same-origin


[INFO][2022-08-20 09:43:18.699][33932]./http/httpconn.cpp:217(get_request): Get source ./root/404.JPG
[INFO][2022-08-20 09:43:18.699][33918]main.cpp:271(main): write to client[30], url[/404.JPG], ip[127.0.0.1]
[INFO][2022-08-20 09:43:18.699][33918]./http/httpconn.cpp:65(write_once): write:HTTP/1.1 200 OK
Data: Sat, 20 Aug 2022 01:43:18 GMT
Connection: keep-alive
Server: Bowu.server v1.0
Content-Length: 70949


[INFO][2022-08-20 09:43:18.726][33918]main.cpp:273(main): Close socket, client[30]
[INFO][2022-08-20 09:43:18.735][33918]main.cpp:156(main): accept new client[127.0.0.1]
[INFO][2022-08-20 09:43:18.735][33918]main.cpp:170(main): Connect socket[30]
[INFO][2022-08-20 09:43:18.735][33918]main.cpp:253(main): deal with client[30]
[DEBUG][2022-08-20 09:43:18.737][33931]./http/httpconn.cpp:119(process): [request]GET /favicon.ico HTTP/1.1
Host: 127.0.0.1:1234
User-Agent: Mozilla/5.0 (X11; Linux x86_64; rv:91.0) Gecko/20100101 Firefox/91.0
Accept: image/webp,*/*
Accept-Language: zh-CN,zh;q=0.8,zh-TW;q=0.7,zh-HK;q=0.5,en-US;q=0.3,en;q=0.2
Accept-Encoding: gzip, deflate
Connection: keep-alive
Referer: http://127.0.0.1:1234/0
Sec-Fetch-Dest: image
Sec-Fetch-Mode: no-cors
Sec-Fetch-Site: same-origin


[INFO][2022-08-20 09:43:18.737][33931]./http/httpconn.cpp:217(get_request): Get source ./root/favicon.ico
[INFO][2022-08-20 09:43:18.737][33918]main.cpp:271(main): write to client[30], url[/favicon.ico], ip[127.0.0.1]
[INFO][2022-08-20 09:43:18.737][33918]./http/httpconn.cpp:65(write_once): write:HTTP/1.1 200 OK
Data: Sat, 20 Aug 2022 01:43:18 GMT
Connection: keep-alive
Server: Bowu.server v1.0
Content-Length: 4286


[INFO][2022-08-20 09:43:20.435][33918]main.cpp:253(main): deal with client[30]
[DEBUG][2022-08-20 09:43:20.436][33931]./http/httpconn.cpp:119(process): [request]GET /favicon.ico HTTP/1.1
Host: 127.0.0.1:1234
User-Agent: Mozilla/5.0 (X11; Linux x86_64; rv:91.0) Gecko/20100101 Firefox/91.0
Accept: image/webp,*/*
Accept-Language: zh-CN,zh;q=0.8,zh-TW;q=0.7,zh-HK;q=0.5,en-US;q=0.3,en;q=0.2
Accept-Encoding: gzip, deflate
Connection: keep-alive
Referer: http://127.0.0.1:1234/
Sec-Fetch-Dest: image
Sec-Fetch-Mode: no-cors
Sec-Fetch-Site: same-origin


[INFO][2022-08-20 09:43:20.436][33931]./http/httpconn.cpp:217(get_request): Get source ./root/favicon.ico
[INFO][2022-08-20 09:43:20.436][33918]main.cpp:271(main): write to client[30], url[/favicon.ico], ip[127.0.0.1]
[INFO][2022-08-20 09:43:20.436][33918]./http/httpconn.cpp:65(write_once): write:HTTP/1.1 200 OK
Data: Sat, 20 Aug 2022 01:43:20 GMT
Connection: keep-alive
Server: Bowu.server v1.0
Content-Length: 4286


[INFO][2022-08-20 09:43:20.436][33918]main.cpp:273(main): Close socket, client[30]
[INFO][2022-08-20 09:43:21.203][33918]main.cpp:156(main): accept new client[127.0.0.1]
[INFO][2022-08-20 09:43:21.203][33918]main.cpp:170(main): Connect socket[30]
[INFO][2022-08-20 09:43:21.203][33918]main.cpp:253(main): deal with client[30]
[DEBUG][2022-08-20 09:43:21.203][33931]./http/httpconn.cpp:119(process): [request]POST /1 HTTP/1.1
Host: 127.0.0.1:1234
User-Agent: Mozilla/5.0 (X11; Linux x86_64; rv:91.0) Gecko/20100101 Firefox/91.0
Accept: text/html,application/xhtml+xml,application/xml;q=0.9,image/webp,*/*;q=0.8
Accept-Language: zh-CN,zh;q=0.8,zh-TW;q=0.7,zh-HK;q=0.5,en-US;q=0.3,en;q=0.2
Accept-Encoding: gzip, deflate
Content-Type: application/x-www-form-urlencoded
Content-Length: 0
Origin: http://127.0.0.1:1234
Connection: keep-alive
Referer: http://127.0.0.1:1234/
Upgrade-Insecure-Requests: 1
Sec-Fetch-Dest: document
Sec-Fetch-Mode: navigate
Sec-Fetch-Site: same-origin
Sec-Fetch-User: ?1


[INFO][2022-08-20 09:43:21.203][33931]./http/httpconn.cpp:249(get_request): 404NoFound
[INFO][2022-08-20 09:43:21.203][33918]main.cpp:271(main): write to client[30], url[/1], ip[127.0.0.1]
[INFO][2022-08-20 09:43:21.203][33918]./http/httpconn.cpp:65(write_once): write:HTTP/1.1 404 Not Found
Data: Sat, 20 Aug 2022 01:43:21 GMT
Connection: keep-alive
Server: Bowu.server v1.0
Content-Length: 296


[INFO][2022-08-20 09:43:21.250][33918]main.cpp:253(main): deal with client[30]
[DEBUG][2022-08-20 09:43:21.250][33931]./http/httpconn.cpp:119(process): [request]GET /404.JPG HTTP/1.1
Host: 127.0.0.1:1234
User-Agent: Mozilla/5.0 (X11; Linux x86_64; rv:91.0) Gecko/20100101 Firefox/91.0
Accept: image/webp,*/*
Accept-Language: zh-CN,zh;q=0.8,zh-TW;q=0.7,zh-HK;q=0.5,en-US;q=0.3,en;q=0.2
Accept-Encoding: gzip, deflate
Connection: keep-alive
Referer: http://127.0.0.1:1234/1
Sec-Fetch-Dest: image
Sec-Fetch-Mode: no-cors
Sec-Fetch-Site: same-origin


[INFO][2022-08-20 09:43:21.250][33931]./http/httpconn.cpp:217(get_request): Get source ./root/404.JPG
[INFO][2022-08-20 09:43:21.251][33918]main.cpp:271(main): write to client[30], url[/404.JPG], ip[127.0.0.1]
[INFO][2022-08-20 09:43:21.251][33918]./http/httpconn.cpp:65(write_once): write:HTTP/1.1 200 OK
Data: Sat, 20 Aug 2022 01:43:21 GMT
Connection: keep-alive
Server: Bowu.server v1.0
Content-Length: 70949


[INFO][2022-08-20 09:43:21.251][33918]main.cpp:273(main): Close socket, client[30]
[INFO][2022-08-20 09:43:21.262][33918]main.cpp:156(main): accept new client[127.0.0.1]
[INFO][2022-08-20 09:43:21.262][33918]main.cpp:170(main): Connect socket[30]
[INFO][2022-08-20 09:43:21.262][33918]main.cpp:253(main): deal with client[30]
[DEBUG][2022-08-20 09:43:21.264][33931]./http/httpconn.cpp:119(process): [request]GET /favicon.ico HTTP/1.1
Host: 127.0.0.1:1234
User-Agent: Mozilla/5.0 (X11; Linux x86_64; rv:91.0) Gecko/20100101 Firefox/91.0
Accept: image/webp,*/*
Accept-Language: zh-CN,zh;q=0.8,zh-TW;q=0.7,zh-HK;q=0.5,en-US;q=0.3,en;q=0.2
Accept-Encoding: gzip, deflate
Connection: keep-alive
Referer: http://127.0.0.1:1234/1
Sec-Fetch-Dest: image
Sec-Fetch-Mode: no-cors
Sec-Fetch-Site: same-origin


[INFO][2022-08-20 09:43:21.264][33931]./http/httpconn.cpp:217(get_request): Get source ./root/favicon.ico
[INFO][2022-08-20 09:43:21.264][33918]main.cpp:271(main): write to client[30], url[/favicon.ico], ip[127.0.0.1]
[INFO][2022-08-20 09:43:21.264][33918]./http/httpconn.cpp:65(write_once): write:HTTP/1.1 200 OK
Data: Sat, 20 Aug 2022 01:43:21 GMT
Connection: keep-alive
Server: Bowu.server v1.0
Content-Length: 4286


[INFO][2022-08-20 09:43:22.923][33918]main.cpp:228(main): Client close socket [127.0.0.1]
