[INFO][2022-08-21 11:04:46.765][14114]./src/threadPool/threadPool.h:93(init): Init thread success
[INFO][2022-08-21 11:04:46.765][14129]./src/threadPool/threadPool.h:120(run): Running...
[INFO][2022-08-21 11:04:46.765][14131]./src/threadPool/threadPool.h:120(run): Running...
[INFO][2022-08-21 11:04:46.765][14128]./src/threadPool/threadPool.h:120(run): Running...
[INFO][2022-08-21 11:04:46.765][14130]./src/threadPool/threadPool.h:120(run): Running...
[INFO][2022-08-21 11:04:51.439][14114]main.cpp:183(main): accept new client[127.0.0.1]
[INFO][2022-08-21 11:04:51.439][14114]main.cpp:199(main): Connect socket[29]
[INFO][2022-08-21 11:04:51.442][14114]main.cpp:291(main): deal with client[29]
[DEBUG][2022-08-21 11:04:51.442][14129]./src/http/httpconn.cpp:119(process): [request]GET / HTTP/1.1
Host: 127.0.0.1:12345
User-Agent: Mozilla/5.0 (X11; Ubuntu; Linux x86_64; rv:88.0) Gecko/20100101 Firefox/88.0
Accept: text/html,application/xhtml+xml,application/xml;q=0.9,image/webp,*/*;q=0.8
Accept-Language: zh-CN,zh;q=0.8,zh-TW;q=0.7,zh-HK;q=0.5,en-US;q=0.3,en;q=0.2
Accept-Encoding: gzip, deflate
Connection: keep-alive
Upgrade-Insecure-Requests: 1


[INFO][2022-08-21 11:04:51.442][14129]./src/http/httpconn.cpp:187(get_request): Get source ./root/judge.html
[INFO][2022-08-21 11:04:51.442][14114]main.cpp:310(main): write to client[29], url[/], ip[127.0.0.1]
[INFO][2022-08-21 11:04:51.442][14114]./src/http/httpconn.cpp:65(write_once): write:HTTP/1.1 200 OK
Data: Sun, 21 Aug 2022 03:04:51 GMT
Connection: keep-alive
Server: Bowu.server v1.0
Content-Length: 586


