[INFO][2022-08-22 14:24:59.470][12548]./threadPool/threadPool.h:120(run): Running...
[INFO][2022-08-22 14:24:59.470][12549]./threadPool/threadPool.h:120(run): Running...
[INFO][2022-08-22 14:24:59.470][12550]./threadPool/threadPool.h:120(run): Running...
[INFO][2022-08-22 14:24:59.470][12534]./threadPool/threadPool.h:93(init): Init thread success
[INFO][2022-08-22 14:24:59.470][12551]./threadPool/threadPool.h:120(run): Running...
[INFO][2022-08-22 14:24:59.470][12534]server.cpp:147(run): webserver runing...
[INFO][2022-08-22 14:25:11.690][12534]server.cpp:178(run): accept new client[127.0.0.1]
[INFO][2022-08-22 14:25:11.690][12534]server.cpp:194(run): Connect socket[28]
[INFO][2022-08-22 14:25:11.693][12534]server.cpp:250(run): deal with client[28]
[DEBUG][2022-08-22 14:25:11.693][12548]./http/httpconn.cpp:119(process): [request]GET /8 HTTP/1.1
Host: 127.0.0.1:1234
Connection: keep-alive
sec-ch-ua: ".Not/A)Brand";v="99", "Google Chrome";v="103", "Chromium";v="103"
sec-ch-ua-mobile: ?0
sec-ch-ua-platform: "Linux"
Upgrade-Insecure-Requests: 1
User-Agent: Mozilla/5.0 (X11; Linux x86_64) AppleWebKit/537.36 (KHTML, like Gecko) Chrome/103.0.0.0 Safari/537.36
Accept: text/html,application/xhtml+xml,application/xml;q=0.9,image/avif,image/webp,image/apng,*/*;q=0.8,application/signed-exchange;v=b3;q=0.9
Sec-Fetch-Site: none
Sec-Fetch-Mode: navigate
Sec-Fetch-User: ?1
Sec-Fetch-Dest: document
Accept-Encoding: gzip, deflate, br
Accept-Language: zh-CN,zh;q=0.9


[INFO][2022-08-22 14:25:11.693][12548]./http/httpconn.cpp:187(get_request): Get source ./root/JComputPhys.435.110240.pdf
[INFO][2022-08-22 14:25:11.693][12534]server.cpp:260(run): Write to client[28], url[/8], ip[127.0.0.1]
[INFO][2022-08-22 14:25:11.693][12534]./http/httpconn.cpp:65(write_once): write:HTTP/1.1 200 OK
Data: Mon, 22 Aug 2022 06:25:11 GMT
Connection: keep-alive
Server: Bowu.server v1.0
Content-Length: 5346796


[INFO][2022-08-22 14:25:11.694][12534]server.cpp:178(run): accept new client[127.0.0.1]
[INFO][2022-08-22 14:25:11.694][12534]server.cpp:194(run): Connect socket[34]
[INFO][2022-08-22 14:25:11.695][12534]server.cpp:260(run): Write to client[28], url[/8], ip[127.0.0.1]
[INFO][2022-08-22 14:25:11.695][12534]./http/httpconn.cpp:65(write_once): write:
[INFO][2022-08-22 14:25:17.000][12534]server.cpp:280(run): Close socket, client[127.0.0.1]
[INFO][2022-08-22 14:25:17.000][12534]server.cpp:280(run): Close socket, client[127.0.0.1]
[INFO][2022-08-22 14:25:22.572][12534]server.cpp:178(run): accept new client[127.0.0.1]
[INFO][2022-08-22 14:25:22.572][12534]server.cpp:194(run): Connect socket[28]
[INFO][2022-08-22 14:25:22.575][12534]server.cpp:250(run): deal with client[28]
[DEBUG][2022-08-22 14:25:22.575][12549]./http/httpconn.cpp:119(process): [request]GET /7 HTTP/1.1
Host: 127.0.0.1:1234
Connection: keep-alive
sec-ch-ua: ".Not/A)Brand";v="99", "Google Chrome";v="103", "Chromium";v="103"
sec-ch-ua-mobile: ?0
sec-ch-ua-platform: "Linux"
Upgrade-Insecure-Requests: 1
User-Agent: Mozilla/5.0 (X11; Linux x86_64) AppleWebKit/537.36 (KHTML, like Gecko) Chrome/103.0.0.0 Safari/537.36
Accept: text/html,application/xhtml+xml,application/xml;q=0.9,image/avif,image/webp,image/apng,*/*;q=0.8,application/signed-exchange;v=b3;q=0.9
Sec-Fetch-Site: none
Sec-Fetch-Mode: navigate
Sec-Fetch-User: ?1
Sec-Fetch-Dest: document
Accept-Encoding: gzip, deflate, br
Accept-Language: zh-CN,zh;q=0.9


[INFO][2022-08-22 14:25:22.575][12549]./http/httpconn.cpp:187(get_request): Get source ./root/fans.html
[INFO][2022-08-22 14:25:22.575][12534]server.cpp:260(run): Write to client[28], url[/7], ip[127.0.0.1]
[INFO][2022-08-22 14:25:22.575][12534]./http/httpconn.cpp:65(write_once): write:HTTP/1.1 200 OK
Data: Mon, 22 Aug 2022 06:25:22 GMT
Connection: keep-alive
Server: Bowu.server v1.0
Content-Length: 336


[INFO][2022-08-22 14:25:22.576][12534]server.cpp:178(run): accept new client[127.0.0.1]
[INFO][2022-08-22 14:25:22.576][12534]server.cpp:194(run): Connect socket[34]
[INFO][2022-08-22 14:25:22.582][12534]server.cpp:250(run): deal with client[28]
[DEBUG][2022-08-22 14:25:22.582][12550]./http/httpconn.cpp:119(process): [request]GET /404.JPG HTTP/1.1
Host: 127.0.0.1:1234
Connection: keep-alive
sec-ch-ua: ".Not/A)Brand";v="99", "Google Chrome";v="103", "Chromium";v="103"
sec-ch-ua-mobile: ?0
User-Agent: Mozilla/5.0 (X11; Linux x86_64) AppleWebKit/537.36 (KHTML, like Gecko) Chrome/103.0.0.0 Safari/537.36
sec-ch-ua-platform: "Linux"
Accept: image/avif,image/webp,image/apng,image/svg+xml,image/*,*/*;q=0.8
Sec-Fetch-Site: same-origin
Sec-Fetch-Mode: no-cors
Sec-Fetch-Dest: image
Referer: http://127.0.0.1:1234/7
Accept-Encoding: gzip, deflate, br
Accept-Language: zh-CN,zh;q=0.9


[INFO][2022-08-22 14:25:22.582][12550]./http/httpconn.cpp:187(get_request): Get source ./root/404.JPG
[INFO][2022-08-22 14:25:22.582][12534]server.cpp:260(run): Write to client[28], url[/404.JPG], ip[127.0.0.1]
[INFO][2022-08-22 14:25:22.582][12534]./http/httpconn.cpp:65(write_once): write:HTTP/1.1 200 OK
Data: Mon, 22 Aug 2022 06:25:22 GMT
Connection: keep-alive
Server: Bowu.server v1.0
Content-Length: 70949


[INFO][2022-08-22 14:25:22.582][12534]server.cpp:262(run): Close socket, client[28]
[INFO][2022-08-22 14:25:28.000][12534]server.cpp:280(run): Close socket, client[127.0.0.1]
[INFO][2022-08-22 14:25:50.677][12534]server.cpp:178(run): accept new client[127.0.0.1]
[INFO][2022-08-22 14:25:50.677][12534]server.cpp:194(run): Connect socket[28]
[INFO][2022-08-22 14:25:50.678][12534]server.cpp:250(run): deal with client[28]
[DEBUG][2022-08-22 14:25:50.678][12550]./http/httpconn.cpp:119(process): [request]GET /7 HTTP/1.1
Host: 127.0.0.1:1234
Connection: keep-alive
Cache-Control: max-age=0
sec-ch-ua: ".Not/A)Brand";v="99", "Google Chrome";v="103", "Chromium";v="103"
sec-ch-ua-mobile: ?0
sec-ch-ua-platform: "Linux"
Upgrade-Insecure-Requests: 1
User-Agent: Mozilla/5.0 (X11; Linux x86_64) AppleWebKit/537.36 (KHTML, like Gecko) Chrome/103.0.0.0 Safari/537.36
Accept: text/html,application/xhtml+xml,application/xml;q=0.9,image/avif,image/webp,image/apng,*/*;q=0.8,application/signed-exchange;v=b3;q=0.9
Sec-Fetch-Site: none
Sec-Fetch-Mode: navigate
Sec-Fetch-User: ?1
Sec-Fetch-Dest: document
Accept-Encoding: gzip, deflate, br
Accept-Language: zh-CN,zh;q=0.9


[INFO][2022-08-22 14:25:50.678][12550]./http/httpconn.cpp:187(get_request): Get source ./root/fans.html
[INFO][2022-08-22 14:25:50.678][12534]server.cpp:178(run): accept new client[127.0.0.1]
[INFO][2022-08-22 14:25:50.678][12534]server.cpp:194(run): Connect socket[34]
[INFO][2022-08-22 14:25:50.678][12534]server.cpp:260(run): Write to client[28], url[/7], ip[127.0.0.1]
[INFO][2022-08-22 14:25:50.678][12534]./http/httpconn.cpp:65(write_once): write:HTTP/1.1 200 OK
Data: Mon, 22 Aug 2022 06:25:50 GMT
Connection: keep-alive
Server: Bowu.server v1.0
Content-Length: 336


[INFO][2022-08-22 14:25:50.684][12534]server.cpp:250(run): deal with client[28]
[DEBUG][2022-08-22 14:25:50.684][12551]./http/httpconn.cpp:119(process): [request]GET /404.JPG HTTP/1.1
Host: 127.0.0.1:1234
Connection: keep-alive
sec-ch-ua: ".Not/A)Brand";v="99", "Google Chrome";v="103", "Chromium";v="103"
sec-ch-ua-mobile: ?0
User-Agent: Mozilla/5.0 (X11; Linux x86_64) AppleWebKit/537.36 (KHTML, like Gecko) Chrome/103.0.0.0 Safari/537.36
sec-ch-ua-platform: "Linux"
Accept: image/avif,image/webp,image/apng,image/svg+xml,image/*,*/*;q=0.8
Sec-Fetch-Site: same-origin
Sec-Fetch-Mode: no-cors
Sec-Fetch-Dest: image
Referer: http://127.0.0.1:1234/7
Accept-Encoding: gzip, deflate, br
Accept-Language: zh-CN,zh;q=0.9


[INFO][2022-08-22 14:25:50.684][12551]./http/httpconn.cpp:187(get_request): Get source ./root/404.JPG
[INFO][2022-08-22 14:25:50.684][12534]server.cpp:260(run): Write to client[28], url[/404.JPG], ip[127.0.0.1]
[INFO][2022-08-22 14:25:50.684][12534]./http/httpconn.cpp:65(write_once): write:HTTP/1.1 200 OK
Data: Mon, 22 Aug 2022 06:25:50 GMT
Connection: keep-alive
Server: Bowu.server v1.0
Content-Length: 70949


[INFO][2022-08-22 14:25:50.684][12534]server.cpp:262(run): Close socket, client[28]
[INFO][2022-08-22 14:25:50.690][12534]server.cpp:250(run): deal with client[34]
[DEBUG][2022-08-22 14:25:50.690][12551]./http/httpconn.cpp:119(process): [request]GET /favicon.ico HTTP/1.1
Host: 127.0.0.1:1234
Connection: keep-alive
sec-ch-ua: ".Not/A)Brand";v="99", "Google Chrome";v="103", "Chromium";v="103"
sec-ch-ua-mobile: ?0
User-Agent: Mozilla/5.0 (X11; Linux x86_64) AppleWebKit/537.36 (KHTML, like Gecko) Chrome/103.0.0.0 Safari/537.36
sec-ch-ua-platform: "Linux"
Accept: image/avif,image/webp,image/apng,image/svg+xml,image/*,*/*;q=0.8
Sec-Fetch-Site: same-origin
Sec-Fetch-Mode: no-cors
Sec-Fetch-Dest: image
Referer: http://127.0.0.1:1234/7
Accept-Encoding: gzip, deflate, br
Accept-Language: zh-CN,zh;q=0.9


[INFO][2022-08-22 14:25:50.690][12551]./http/httpconn.cpp:187(get_request): Get source ./root/favicon.ico
[INFO][2022-08-22 14:25:50.690][12534]server.cpp:260(run): Write to client[34], url[/favicon.ico], ip[127.0.0.1]
[INFO][2022-08-22 14:25:50.690][12534]./http/httpconn.cpp:65(write_once): write:HTTP/1.1 200 OK
Data: Mon, 22 Aug 2022 06:25:50 GMT
Connection: keep-alive
Server: Bowu.server v1.0
Content-Length: 4286


[INFO][2022-08-22 14:25:51.443][12534]server.cpp:250(run): deal with client[34]
[DEBUG][2022-08-22 14:25:51.443][12548]./http/httpconn.cpp:119(process): [request]GET /7 HTTP/1.1
Host: 127.0.0.1:1234
Connection: keep-alive
Cache-Control: max-age=0
sec-ch-ua: ".Not/A)Brand";v="99", "Google Chrome";v="103", "Chromium";v="103"
sec-ch-ua-mobile: ?0
sec-ch-ua-platform: "Linux"
Upgrade-Insecure-Requests: 1
User-Agent: Mozilla/5.0 (X11; Linux x86_64) AppleWebKit/537.36 (KHTML, like Gecko) Chrome/103.0.0.0 Safari/537.36
Accept: text/html,application/xhtml+xml,application/xml;q=0.9,image/avif,image/webp,image/apng,*/*;q=0.8,application/signed-exchange;v=b3;q=0.9
Sec-Fetch-Site: none
Sec-Fetch-Mode: navigate
Sec-Fetch-User: ?1
Sec-Fetch-Dest: document
Accept-Encoding: gzip, deflate, br
Accept-Language: zh-CN,zh;q=0.9


[INFO][2022-08-22 14:25:51.443][12548]./http/httpconn.cpp:187(get_request): Get source ./root/fans.html
[INFO][2022-08-22 14:25:51.443][12534]server.cpp:260(run): Write to client[34], url[/7], ip[127.0.0.1]
[INFO][2022-08-22 14:25:51.443][12534]./http/httpconn.cpp:65(write_once): write:HTTP/1.1 200 OK
Data: Mon, 22 Aug 2022 06:25:51 GMT
Connection: keep-alive
Server: Bowu.server v1.0
Content-Length: 336


[INFO][2022-08-22 14:25:51.443][12534]server.cpp:262(run): Close socket, client[34]
[INFO][2022-08-22 14:25:51.443][12534]server.cpp:178(run): accept new client[127.0.0.1]
[INFO][2022-08-22 14:25:51.443][12534]server.cpp:194(run): Connect socket[28]
[INFO][2022-08-22 14:25:51.443][12534]server.cpp:250(run): deal with client[28]
[DEBUG][2022-08-22 14:25:51.443][12549]./http/httpconn.cpp:119(process): [request]GET /7 HTTP/1.1
Host: 127.0.0.1:1234
Connection: keep-alive
Cache-Control: max-age=0
sec-ch-ua: ".Not/A)Brand";v="99", "Google Chrome";v="103", "Chromium";v="103"
sec-ch-ua-mobile: ?0
sec-ch-ua-platform: "Linux"
Upgrade-Insecure-Requests: 1
User-Agent: Mozilla/5.0 (X11; Linux x86_64) AppleWebKit/537.36 (KHTML, like Gecko) Chrome/103.0.0.0 Safari/537.36
Accept: text/html,application/xhtml+xml,application/xml;q=0.9,image/avif,image/webp,image/apng,*/*;q=0.8,application/signed-exchange;v=b3;q=0.9
Sec-Fetch-Site: none
Sec-Fetch-Mode: navigate
Sec-Fetch-User: ?1
Sec-Fetch-Dest: document
Accept-Encoding: gzip, deflate, br
Accept-Language: zh-CN,zh;q=0.9


[INFO][2022-08-22 14:25:51.443][12549]./http/httpconn.cpp:187(get_request): Get source ./root/fans.html
[INFO][2022-08-22 14:25:51.443][12534]server.cpp:260(run): Write to client[28], url[/7], ip[127.0.0.1]
[INFO][2022-08-22 14:25:51.443][12534]./http/httpconn.cpp:65(write_once): write:HTTP/1.1 200 OK
Data: Mon, 22 Aug 2022 06:25:51 GMT
Connection: keep-alive
Server: Bowu.server v1.0
Content-Length: 336


[INFO][2022-08-22 14:25:51.449][12534]server.cpp:250(run): deal with client[28]
[DEBUG][2022-08-22 14:25:51.449][12550]./http/httpconn.cpp:119(process): [request]GET /404.JPG HTTP/1.1
Host: 127.0.0.1:1234
Connection: keep-alive
sec-ch-ua: ".Not/A)Brand";v="99", "Google Chrome";v="103", "Chromium";v="103"
sec-ch-ua-mobile: ?0
User-Agent: Mozilla/5.0 (X11; Linux x86_64) AppleWebKit/537.36 (KHTML, like Gecko) Chrome/103.0.0.0 Safari/537.36
sec-ch-ua-platform: "Linux"
Accept: image/avif,image/webp,image/apng,image/svg+xml,image/*,*/*;q=0.8
Sec-Fetch-Site: same-origin
Sec-Fetch-Mode: no-cors
Sec-Fetch-Dest: image
Referer: http://127.0.0.1:1234/7
Accept-Encoding: gzip, deflate, br
Accept-Language: zh-CN,zh;q=0.9


[INFO][2022-08-22 14:25:51.449][12550]./http/httpconn.cpp:187(get_request): Get source ./root/404.JPG
[INFO][2022-08-22 14:25:51.449][12534]server.cpp:260(run): Write to client[28], url[/404.JPG], ip[127.0.0.1]
[INFO][2022-08-22 14:25:51.449][12534]./http/httpconn.cpp:65(write_once): write:HTTP/1.1 200 OK
Data: Mon, 22 Aug 2022 06:25:51 GMT
Connection: keep-alive
Server: Bowu.server v1.0
Content-Length: 70949


[INFO][2022-08-22 14:25:51.449][12534]server.cpp:262(run): Close socket, client[28]
[INFO][2022-08-22 14:25:51.452][12534]server.cpp:178(run): accept new client[127.0.0.1]
[INFO][2022-08-22 14:25:51.452][12534]server.cpp:194(run): Connect socket[28]
[INFO][2022-08-22 14:25:51.452][12534]server.cpp:250(run): deal with client[28]
[DEBUG][2022-08-22 14:25:51.452][12551]./http/httpconn.cpp:119(process): [request]GET /favicon.ico HTTP/1.1
Host: 127.0.0.1:1234
Connection: keep-alive
sec-ch-ua: ".Not/A)Brand";v="99", "Google Chrome";v="103", "Chromium";v="103"
sec-ch-ua-mobile: ?0
User-Agent: Mozilla/5.0 (X11; Linux x86_64) AppleWebKit/537.36 (KHTML, like Gecko) Chrome/103.0.0.0 Safari/537.36
sec-ch-ua-platform: "Linux"
Accept: image/avif,image/webp,image/apng,image/svg+xml,image/*,*/*;q=0.8
Sec-Fetch-Site: same-origin
Sec-Fetch-Mode: no-cors
Sec-Fetch-Dest: image
Referer: http://127.0.0.1:1234/7
Accept-Encoding: gzip, deflate, br
Accept-Language: zh-CN,zh;q=0.9


[INFO][2022-08-22 14:25:51.452][12551]./http/httpconn.cpp:187(get_request): Get source ./root/favicon.ico
[INFO][2022-08-22 14:25:51.452][12534]server.cpp:260(run): Write to client[28], url[/favicon.ico], ip[127.0.0.1]
[INFO][2022-08-22 14:25:51.452][12534]./http/httpconn.cpp:65(write_once): write:HTTP/1.1 200 OK
Data: Mon, 22 Aug 2022 06:25:51 GMT
Connection: keep-alive
Server: Bowu.server v1.0
Content-Length: 4286


[INFO][2022-08-22 14:25:55.983][12534]server.cpp:250(run): deal with client[28]
[DEBUG][2022-08-22 14:25:55.983][12551]./http/httpconn.cpp:119(process): [request]GET /6 HTTP/1.1
Host: 127.0.0.1:1234
Connection: keep-alive
sec-ch-ua: ".Not/A)Brand";v="99", "Google Chrome";v="103", "Chromium";v="103"
sec-ch-ua-mobile: ?0
sec-ch-ua-platform: "Linux"
Upgrade-Insecure-Requests: 1
User-Agent: Mozilla/5.0 (X11; Linux x86_64) AppleWebKit/537.36 (KHTML, like Gecko) Chrome/103.0.0.0 Safari/537.36
Accept: text/html,application/xhtml+xml,application/xml;q=0.9,image/avif,image/webp,image/apng,*/*;q=0.8,application/signed-exchange;v=b3;q=0.9
Sec-Fetch-Site: none
Sec-Fetch-Mode: navigate
Sec-Fetch-User: ?1
Sec-Fetch-Dest: document
Accept-Encoding: gzip, deflate, br
Accept-Language: zh-CN,zh;q=0.9


[INFO][2022-08-22 14:25:55.983][12551]./http/httpconn.cpp:187(get_request): Get source ./root/video.html
[INFO][2022-08-22 14:25:55.983][12534]server.cpp:260(run): Write to client[28], url[/6], ip[127.0.0.1]
[INFO][2022-08-22 14:25:55.983][12534]./http/httpconn.cpp:65(write_once): write:HTTP/1.1 200 OK
Data: Mon, 22 Aug 2022 06:25:55 GMT
Connection: keep-alive
Server: Bowu.server v1.0
Content-Length: 359


[INFO][2022-08-22 14:25:55.983][12534]server.cpp:262(run): Close socket, client[28]
[INFO][2022-08-22 14:25:55.983][12534]server.cpp:178(run): accept new client[127.0.0.1]
[INFO][2022-08-22 14:25:55.983][12534]server.cpp:194(run): Connect socket[28]
[INFO][2022-08-22 14:25:55.983][12534]server.cpp:250(run): deal with client[28]
[DEBUG][2022-08-22 14:25:55.984][12548]./http/httpconn.cpp:119(process): [request]GET /6 HTTP/1.1
Host: 127.0.0.1:1234
Connection: keep-alive
sec-ch-ua: ".Not/A)Brand";v="99", "Google Chrome";v="103", "Chromium";v="103"
sec-ch-ua-mobile: ?0
sec-ch-ua-platform: "Linux"
Upgrade-Insecure-Requests: 1
User-Agent: Mozilla/5.0 (X11; Linux x86_64) AppleWebKit/537.36 (KHTML, like Gecko) Chrome/103.0.0.0 Safari/537.36
Accept: text/html,application/xhtml+xml,application/xml;q=0.9,image/avif,image/webp,image/apng,*/*;q=0.8,application/signed-exchange;v=b3;q=0.9
Sec-Fetch-Site: none
Sec-Fetch-Mode: navigate
Sec-Fetch-User: ?1
Sec-Fetch-Dest: document
Accept-Encoding: gzip, deflate, br
Accept-Language: zh-CN,zh;q=0.9


[INFO][2022-08-22 14:25:55.984][12548]./http/httpconn.cpp:187(get_request): Get source ./root/video.html
[INFO][2022-08-22 14:25:55.984][12534]server.cpp:260(run): Write to client[28], url[/6], ip[127.0.0.1]
[INFO][2022-08-22 14:25:55.984][12534]./http/httpconn.cpp:65(write_once): write:HTTP/1.1 200 OK
Data: Mon, 22 Aug 2022 06:25:55 GMT
Connection: keep-alive
Server: Bowu.server v1.0
Content-Length: 359


[INFO][2022-08-22 14:25:55.997][12534]server.cpp:250(run): deal with client[28]
[DEBUG][2022-08-22 14:25:55.997][12548]./http/httpconn.cpp:119(process): [request]GET /TurnAroundFish.mp4 HTTP/1.1
Host: 127.0.0.1:1234
Connection: keep-alive
sec-ch-ua: ".Not/A)Brand";v="99", "Google Chrome";v="103", "Chromium";v="103"
Accept-Encoding: identity;q=1, *;q=0
sec-ch-ua-mobile: ?0
User-Agent: Mozilla/5.0 (X11; Linux x86_64) AppleWebKit/537.36 (KHTML, like Gecko) Chrome/103.0.0.0 Safari/537.36
sec-ch-ua-platform: "Linux"
Accept: */*
Sec-Fetch-Site: same-origin
Sec-Fetch-Mode: no-cors
Sec-Fetch-Dest: video
Referer: http://127.0.0.1:1234/6
Accept-Language: zh-CN,zh;q=0.9
Range: bytes=0-


[INFO][2022-08-22 14:25:55.997][12548]./http/httpconn.cpp:187(get_request): Get source ./root/TurnAroundFish.mp4
[INFO][2022-08-22 14:25:55.998][12534]server.cpp:260(run): Write to client[28], url[/TurnAroundFish.mp4], ip[127.0.0.1]
[INFO][2022-08-22 14:25:55.998][12534]./http/httpconn.cpp:65(write_once): write:HTTP/1.1 200 OK
Data: Mon, 22 Aug 2022 06:25:55 GMT
Connection: keep-alive
Server: Bowu.server v1.0
Content-Length: 445864


[INFO][2022-08-22 14:26:01.000][12534]server.cpp:280(run): Close socket, client[127.0.0.1]
[INFO][2022-08-22 14:26:21.266][12534]server.cpp:178(run): accept new client[127.0.0.1]
[INFO][2022-08-22 14:26:21.266][12534]server.cpp:194(run): Connect socket[28]
[INFO][2022-08-22 14:26:21.269][12534]server.cpp:250(run): deal with client[28]
[INFO][2022-08-22 14:26:21.269][12534]server.cpp:178(run): accept new client[127.0.0.1]
[INFO][2022-08-22 14:26:21.269][12534]server.cpp:194(run): Connect socket[34]
[DEBUG][2022-08-22 14:26:21.269][12548]./http/httpconn.cpp:119(process): [request]GET /7 HTTP/1.1
Host: 127.0.0.1:1234
Connection: keep-alive
sec-ch-ua: ".Not/A)Brand";v="99", "Google Chrome";v="103", "Chromium";v="103"
sec-ch-ua-mobile: ?0
sec-ch-ua-platform: "Linux"
Upgrade-Insecure-Requests: 1
User-Agent: Mozilla/5.0 (X11; Linux x86_64) AppleWebKit/537.36 (KHTML, like Gecko) Chrome/103.0.0.0 Safari/537.36
Accept: text/html,application/xhtml+xml,application/xml;q=0.9,image/avif,image/webp,image/apng,*/*;q=0.8,application/signed-exchange;v=b3;q=0.9
Sec-Fetch-Site: none
Sec-Fetch-Mode: navigate
Sec-Fetch-User: ?1
Sec-Fetch-Dest: document
Accept-Encoding: gzip, deflate, br
Accept-Language: zh-CN,zh;q=0.9


[INFO][2022-08-22 14:26:21.269][12548]./http/httpconn.cpp:187(get_request): Get source ./root/fans.html
[INFO][2022-08-22 14:26:21.269][12534]server.cpp:260(run): Write to client[28], url[/7], ip[127.0.0.1]
[INFO][2022-08-22 14:26:21.269][12534]./http/httpconn.cpp:65(write_once): write:HTTP/1.1 200 OK
Data: Mon, 22 Aug 2022 06:26:21 GMT
Connection: keep-alive
Server: Bowu.server v1.0
Content-Length: 336


[INFO][2022-08-22 14:26:21.276][12534]server.cpp:250(run): deal with client[28]
[DEBUG][2022-08-22 14:26:21.276][12549]./http/httpconn.cpp:119(process): [request]GET /404.JPG HTTP/1.1
Host: 127.0.0.1:1234
Connection: keep-alive
sec-ch-ua: ".Not/A)Brand";v="99", "Google Chrome";v="103", "Chromium";v="103"
sec-ch-ua-mobile: ?0
User-Agent: Mozilla/5.0 (X11; Linux x86_64) AppleWebKit/537.36 (KHTML, like Gecko) Chrome/103.0.0.0 Safari/537.36
sec-ch-ua-platform: "Linux"
Accept: image/avif,image/webp,image/apng,image/svg+xml,image/*,*/*;q=0.8
Sec-Fetch-Site: same-origin
Sec-Fetch-Mode: no-cors
Sec-Fetch-Dest: image
Referer: http://127.0.0.1:1234/7
Accept-Encoding: gzip, deflate, br
Accept-Language: zh-CN,zh;q=0.9


[INFO][2022-08-22 14:26:21.276][12549]./http/httpconn.cpp:187(get_request): Get source ./root/404.JPG
[INFO][2022-08-22 14:26:21.276][12534]server.cpp:260(run): Write to client[28], url[/404.JPG], ip[127.0.0.1]
[INFO][2022-08-22 14:26:21.276][12534]./http/httpconn.cpp:65(write_once): write:HTTP/1.1 200 OK
Data: Mon, 22 Aug 2022 06:26:21 GMT
Connection: keep-alive
Server: Bowu.server v1.0
Content-Length: 70949


[INFO][2022-08-22 14:26:21.277][12534]server.cpp:262(run): Close socket, client[28]
[INFO][2022-08-22 14:26:23.029][12534]server.cpp:250(run): deal with client[34]
[DEBUG][2022-08-22 14:26:23.029][12548]./http/httpconn.cpp:119(process): [request]GET /7 HTTP/1.1
Host: 127.0.0.1:1234
Connection: keep-alive
Cache-Control: max-age=0
sec-ch-ua: ".Not/A)Brand";v="99", "Google Chrome";v="103", "Chromium";v="103"
sec-ch-ua-mobile: ?0
sec-ch-ua-platform: "Linux"
Upgrade-Insecure-Requests: 1
User-Agent: Mozilla/5.0 (X11; Linux x86_64) AppleWebKit/537.36 (KHTML, like Gecko) Chrome/103.0.0.0 Safari/537.36
Accept: text/html,application/xhtml+xml,application/xml;q=0.9,image/avif,image/webp,image/apng,*/*;q=0.8,application/signed-exchange;v=b3;q=0.9
Sec-Fetch-Site: none
Sec-Fetch-Mode: navigate
Sec-Fetch-User: ?1
Sec-Fetch-Dest: document
Accept-Encoding: gzip, deflate, br
Accept-Language: zh-CN,zh;q=0.9


[INFO][2022-08-22 14:26:23.029][12548]./http/httpconn.cpp:187(get_request): Get source ./root/fans.html
[INFO][2022-08-22 14:26:23.029][12534]server.cpp:260(run): Write to client[34], url[/7], ip[127.0.0.1]
[INFO][2022-08-22 14:26:23.029][12534]./http/httpconn.cpp:65(write_once): write:HTTP/1.1 200 OK
Data: Mon, 22 Aug 2022 06:26:23 GMT
Connection: keep-alive
Server: Bowu.server v1.0
Content-Length: 336


[INFO][2022-08-22 14:26:23.029][12534]server.cpp:178(run): accept new client[127.0.0.1]
[INFO][2022-08-22 14:26:23.029][12534]server.cpp:194(run): Connect socket[28]
[INFO][2022-08-22 14:26:23.034][12534]server.cpp:250(run): deal with client[34]
[DEBUG][2022-08-22 14:26:23.034][12548]./http/httpconn.cpp:119(process): [request]GET /404.JPG HTTP/1.1
Host: 127.0.0.1:1234
Connection: keep-alive
sec-ch-ua: ".Not/A)Brand";v="99", "Google Chrome";v="103", "Chromium";v="103"
sec-ch-ua-mobile: ?0
User-Agent: Mozilla/5.0 (X11; Linux x86_64) AppleWebKit/537.36 (KHTML, like Gecko) Chrome/103.0.0.0 Safari/537.36
sec-ch-ua-platform: "Linux"
Accept: image/avif,image/webp,image/apng,image/svg+xml,image/*,*/*;q=0.8
Sec-Fetch-Site: same-origin
Sec-Fetch-Mode: no-cors
Sec-Fetch-Dest: image
Referer: http://127.0.0.1:1234/7
Accept-Encoding: gzip, deflate, br
Accept-Language: zh-CN,zh;q=0.9


[INFO][2022-08-22 14:26:23.034][12548]./http/httpconn.cpp:187(get_request): Get source ./root/404.JPG
[INFO][2022-08-22 14:26:23.034][12534]server.cpp:260(run): Write to client[34], url[/404.JPG], ip[127.0.0.1]
[INFO][2022-08-22 14:26:23.034][12534]./http/httpconn.cpp:65(write_once): write:HTTP/1.1 200 OK
Data: Mon, 22 Aug 2022 06:26:23 GMT
Connection: keep-alive
Server: Bowu.server v1.0
Content-Length: 70949


[INFO][2022-08-22 14:26:23.034][12534]server.cpp:262(run): Close socket, client[34]
[INFO][2022-08-22 14:26:23.039][12534]server.cpp:250(run): deal with client[28]
[DEBUG][2022-08-22 14:26:23.039][12550]./http/httpconn.cpp:119(process): [request]GET /favicon.ico HTTP/1.1
Host: 127.0.0.1:1234
Connection: keep-alive
sec-ch-ua: ".Not/A)Brand";v="99", "Google Chrome";v="103", "Chromium";v="103"
sec-ch-ua-mobile: ?0
User-Agent: Mozilla/5.0 (X11; Linux x86_64) AppleWebKit/537.36 (KHTML, like Gecko) Chrome/103.0.0.0 Safari/537.36
sec-ch-ua-platform: "Linux"
Accept: image/avif,image/webp,image/apng,image/svg+xml,image/*,*/*;q=0.8
Sec-Fetch-Site: same-origin
Sec-Fetch-Mode: no-cors
Sec-Fetch-Dest: image
Referer: http://127.0.0.1:1234/7
Accept-Encoding: gzip, deflate, br
Accept-Language: zh-CN,zh;q=0.9


[INFO][2022-08-22 14:26:23.039][12550]./http/httpconn.cpp:187(get_request): Get source ./root/favicon.ico
[INFO][2022-08-22 14:26:23.039][12534]server.cpp:260(run): Write to client[28], url[/favicon.ico], ip[127.0.0.1]
[INFO][2022-08-22 14:26:23.039][12534]./http/httpconn.cpp:65(write_once): write:HTTP/1.1 200 OK
Data: Mon, 22 Aug 2022 06:26:23 GMT
Connection: keep-alive
Server: Bowu.server v1.0
Content-Length: 4286


[INFO][2022-08-22 14:26:29.000][12534]server.cpp:280(run): Close socket, client[127.0.0.1]
[INFO][2022-08-22 14:27:31.826][12534]server.cpp:178(run): accept new client[127.0.0.1]
[INFO][2022-08-22 14:27:31.826][12534]server.cpp:194(run): Connect socket[28]
[INFO][2022-08-22 14:27:31.828][12534]server.cpp:250(run): deal with client[28]
[DEBUG][2022-08-22 14:27:31.828][12549]./http/httpconn.cpp:119(process): [request]GET /7 HTTP/1.1
Host: 127.0.0.1:1234
User-Agent: Mozilla/5.0 (X11; Ubuntu; Linux x86_64; rv:88.0) Gecko/20100101 Firefox/88.0
Accept: text/html,application/xhtml+xml,application/xml;q=0.9,image/webp,*/*;q=0.8
Accept-Language: zh-CN,zh;q=0.8,zh-TW;q=0.7,zh-HK;q=0.5,en-US;q=0.3,en;q=0.2
Accept-Encoding: gzip, deflate
Connection: keep-alive
Upgrade-Insecure-Requests: 1


[INFO][2022-08-22 14:27:31.828][12549]./http/httpconn.cpp:187(get_request): Get source ./root/fans.html
[INFO][2022-08-22 14:27:31.828][12534]server.cpp:260(run): Write to client[28], url[/7], ip[127.0.0.1]
[INFO][2022-08-22 14:27:31.828][12534]./http/httpconn.cpp:65(write_once): write:HTTP/1.1 200 OK
Data: Mon, 22 Aug 2022 06:27:31 GMT
Connection: keep-alive
Server: Bowu.server v1.0
Content-Length: 336


[INFO][2022-08-22 14:27:31.869][12534]server.cpp:250(run): deal with client[28]
[DEBUG][2022-08-22 14:27:31.869][12551]./http/httpconn.cpp:119(process): [request]GET /404.JPG HTTP/1.1
Host: 127.0.0.1:1234
User-Agent: Mozilla/5.0 (X11; Ubuntu; Linux x86_64; rv:88.0) Gecko/20100101 Firefox/88.0
Accept: image/webp,*/*
Accept-Language: zh-CN,zh;q=0.8,zh-TW;q=0.7,zh-HK;q=0.5,en-US;q=0.3,en;q=0.2
Accept-Encoding: gzip, deflate
Connection: keep-alive
Referer: http://127.0.0.1:1234/7


[INFO][2022-08-22 14:27:31.869][12551]./http/httpconn.cpp:187(get_request): Get source ./root/404.JPG
[INFO][2022-08-22 14:27:31.869][12534]server.cpp:260(run): Write to client[28], url[/404.JPG], ip[127.0.0.1]
[INFO][2022-08-22 14:27:31.869][12534]./http/httpconn.cpp:65(write_once): write:HTTP/1.1 200 OK
Data: Mon, 22 Aug 2022 06:27:31 GMT
Connection: keep-alive
Server: Bowu.server v1.0
Content-Length: 70949


[INFO][2022-08-22 14:27:31.869][12534]server.cpp:262(run): Close socket, client[28]
[INFO][2022-08-22 14:27:31.876][12534]server.cpp:178(run): accept new client[127.0.0.1]
[INFO][2022-08-22 14:27:31.876][12534]server.cpp:194(run): Connect socket[28]
[INFO][2022-08-22 14:27:31.876][12534]server.cpp:250(run): deal with client[28]
[DEBUG][2022-08-22 14:27:31.876][12550]./http/httpconn.cpp:119(process): [request]GET /favicon.ico HTTP/1.1
Host: 127.0.0.1:1234
User-Agent: Mozilla/5.0 (X11; Ubuntu; Linux x86_64; rv:88.0) Gecko/20100101 Firefox/88.0
Accept: image/webp,*/*
Accept-Language: zh-CN,zh;q=0.8,zh-TW;q=0.7,zh-HK;q=0.5,en-US;q=0.3,en;q=0.2
Accept-Encoding: gzip, deflate
Connection: keep-alive
Referer: http://127.0.0.1:1234/7


[INFO][2022-08-22 14:27:31.876][12550]./http/httpconn.cpp:187(get_request): Get source ./root/favicon.ico
[INFO][2022-08-22 14:27:31.876][12534]server.cpp:260(run): Write to client[28], url[/favicon.ico], ip[127.0.0.1]
[INFO][2022-08-22 14:27:31.876][12534]./http/httpconn.cpp:65(write_once): write:HTTP/1.1 200 OK
Data: Mon, 22 Aug 2022 06:27:31 GMT
Connection: keep-alive
Server: Bowu.server v1.0
Content-Length: 4286


[INFO][2022-08-22 14:27:37.001][12534]server.cpp:280(run): Close socket, client[127.0.0.1]
[INFO][2022-08-22 14:27:41.930][12534]server.cpp:178(run): accept new client[127.0.0.1]
[INFO][2022-08-22 14:27:41.930][12534]server.cpp:194(run): Connect socket[28]
[INFO][2022-08-22 14:27:41.932][12534]server.cpp:250(run): deal with client[28]
[DEBUG][2022-08-22 14:27:41.932][12550]./http/httpconn.cpp:119(process): [request]GET /6 HTTP/1.1
Host: 127.0.0.1:1234
User-Agent: Mozilla/5.0 (X11; Ubuntu; Linux x86_64; rv:88.0) Gecko/20100101 Firefox/88.0
Accept: text/html,application/xhtml+xml,application/xml;q=0.9,image/webp,*/*;q=0.8
Accept-Language: zh-CN,zh;q=0.8,zh-TW;q=0.7,zh-HK;q=0.5,en-US;q=0.3,en;q=0.2
Accept-Encoding: gzip, deflate
Connection: keep-alive
Upgrade-Insecure-Requests: 1


[INFO][2022-08-22 14:27:41.932][12550]./http/httpconn.cpp:187(get_request): Get source ./root/video.html
[INFO][2022-08-22 14:27:41.932][12534]server.cpp:260(run): Write to client[28], url[/6], ip[127.0.0.1]
[INFO][2022-08-22 14:27:41.932][12534]./http/httpconn.cpp:65(write_once): write:HTTP/1.1 200 OK
Data: Mon, 22 Aug 2022 06:27:41 GMT
Connection: keep-alive
Server: Bowu.server v1.0
Content-Length: 359


[INFO][2022-08-22 14:27:42.010][12534]server.cpp:250(run): deal with client[28]
[DEBUG][2022-08-22 14:27:42.010][12548]./http/httpconn.cpp:119(process): [request]GET /TurnAroundFish.mp4 HTTP/1.1
Host: 127.0.0.1:1234
User-Agent: Mozilla/5.0 (X11; Ubuntu; Linux x86_64; rv:88.0) Gecko/20100101 Firefox/88.0
Accept: video/webm,video/ogg,video/*;q=0.9,application/ogg;q=0.7,audio/*;q=0.6,*/*;q=0.5
Accept-Language: zh-CN,zh;q=0.8,zh-TW;q=0.7,zh-HK;q=0.5,en-US;q=0.3,en;q=0.2
Range: bytes=0-
Connection: keep-alive
Referer: http://127.0.0.1:1234/6


[INFO][2022-08-22 14:27:42.010][12548]./http/httpconn.cpp:187(get_request): Get source ./root/TurnAroundFish.mp4
[INFO][2022-08-22 14:27:42.010][12534]server.cpp:260(run): Write to client[28], url[/TurnAroundFish.mp4], ip[127.0.0.1]
[INFO][2022-08-22 14:27:42.010][12534]./http/httpconn.cpp:65(write_once): write:HTTP/1.1 200 OK
Data: Mon, 22 Aug 2022 06:27:42 GMT
Connection: keep-alive
Server: Bowu.server v1.0
Content-Length: 445864


[INFO][2022-08-22 14:27:48.000][12534]server.cpp:280(run): Close socket, client[127.0.0.1]
[INFO][2022-08-22 14:27:48.542][12534]server.cpp:178(run): accept new client[127.0.0.1]
[INFO][2022-08-22 14:27:48.542][12534]server.cpp:194(run): Connect socket[28]
[INFO][2022-08-22 14:27:48.543][12534]server.cpp:250(run): deal with client[28]
[DEBUG][2022-08-22 14:27:48.543][12548]./http/httpconn.cpp:119(process): [request]GET /8 HTTP/1.1
Host: 127.0.0.1:1234
User-Agent: Mozilla/5.0 (X11; Ubuntu; Linux x86_64; rv:88.0) Gecko/20100101 Firefox/88.0
Accept: text/html,application/xhtml+xml,application/xml;q=0.9,image/webp,*/*;q=0.8
Accept-Language: zh-CN,zh;q=0.8,zh-TW;q=0.7,zh-HK;q=0.5,en-US;q=0.3,en;q=0.2
Accept-Encoding: gzip, deflate
Connection: keep-alive
Upgrade-Insecure-Requests: 1


[INFO][2022-08-22 14:27:48.543][12548]./http/httpconn.cpp:187(get_request): Get source ./root/JComputPhys.435.110240.pdf
[INFO][2022-08-22 14:27:48.543][12534]server.cpp:260(run): Write to client[28], url[/8], ip[127.0.0.1]
[INFO][2022-08-22 14:27:48.543][12534]./http/httpconn.cpp:65(write_once): write:HTTP/1.1 200 OK
Data: Mon, 22 Aug 2022 06:27:48 GMT
Connection: keep-alive
Server: Bowu.server v1.0
Content-Length: 5346796


[INFO][2022-08-22 14:27:48.561][12534]server.cpp:260(run): Write to client[28], url[/8], ip[127.0.0.1]
[INFO][2022-08-22 14:27:48.561][12534]./http/httpconn.cpp:65(write_once): write:
[INFO][2022-08-22 14:27:54.000][12534]server.cpp:280(run): Close socket, client[127.0.0.1]
