[INFO][2022-08-22 13:45:45.264][10889]./threadPool/threadPool.h:120(run): Running...
[INFO][2022-08-22 13:45:45.264][10890]./threadPool/threadPool.h:120(run): Running...
[INFO][2022-08-22 13:45:45.264][10891]./threadPool/threadPool.h:120(run): Running...
[INFO][2022-08-22 13:45:45.264][10868]./threadPool/threadPool.h:93(init): Init thread success
[INFO][2022-08-22 13:45:45.264][10892]./threadPool/threadPool.h:120(run): Running...
[INFO][2022-08-22 13:45:45.264][10868]server.cpp:147(run): webserver runing...
[INFO][2022-08-22 13:45:54.609][10868]server.cpp:178(run): accept new client[127.0.0.1]
[INFO][2022-08-22 13:45:54.609][10868]server.cpp:194(run): Connect socket[28]
[INFO][2022-08-22 13:45:56.123][10868]server.cpp:250(run): deal with client[28]
[DEBUG][2022-08-22 13:45:56.123][10889]./http/httpconn.cpp:119(process): [request]GET / HTTP/1.1
Host: 127.0.0.1:12345
User-Agent: Mozilla/5.0 (X11; Ubuntu; Linux x86_64; rv:88.0) Gecko/20100101 Firefox/88.0
Accept: text/html,application/xhtml+xml,application/xml;q=0.9,image/webp,*/*;q=0.8
Accept-Language: zh-CN,zh;q=0.8,zh-TW;q=0.7,zh-HK;q=0.5,en-US;q=0.3,en;q=0.2
Accept-Encoding: gzip, deflate
Connection: keep-alive
Upgrade-Insecure-Requests: 1


[INFO][2022-08-22 13:45:56.123][10889]./http/httpconn.cpp:187(get_request): Get source ./root/judge.html
[INFO][2022-08-22 13:45:56.123][10868]server.cpp:260(run): Write to client[28], url[/], ip[127.0.0.1]
[INFO][2022-08-22 13:45:56.123][10868]./http/httpconn.cpp:65(write_once): write:HTTP/1.1 200 OK
Data: Mon, 22 Aug 2022 05:45:56 GMT
Connection: keep-alive
Server: Bowu.server v1.0
Content-Length: 586


[INFO][2022-08-22 13:45:57.503][10868]server.cpp:250(run): deal with client[28]
[DEBUG][2022-08-22 13:45:57.503][10890]./http/httpconn.cpp:119(process): [request]POST /1 HTTP/1.1
Host: 127.0.0.1:12345
User-Agent: Mozilla/5.0 (X11; Ubuntu; Linux x86_64; rv:88.0) Gecko/20100101 Firefox/88.0
Accept: text/html,application/xhtml+xml,application/xml;q=0.9,image/webp,*/*;q=0.8
Accept-Language: zh-CN,zh;q=0.8,zh-TW;q=0.7,zh-HK;q=0.5,en-US;q=0.3,en;q=0.2
Accept-Encoding: gzip, deflate
Content-Type: application/x-www-form-urlencoded
Content-Length: 0
Origin: http://127.0.0.1:12345
Connection: keep-alive
Referer: http://127.0.0.1:12345/
Upgrade-Insecure-Requests: 1


[INFO][2022-08-22 13:45:57.503][10890]./http/httpconn.cpp:211(get_request): Post /1
[INFO][2022-08-22 13:45:57.503][10890]./main.cpp:47(loginFunc): [POST] url[/1]
[INFO][2022-08-22 13:45:57.503][10868]server.cpp:260(run): Write to client[28], url[/1], ip[127.0.0.1]
[INFO][2022-08-22 13:45:57.503][10868]./http/httpconn.cpp:65(write_once): write:HTTP/1.1 200 OK
Data: Mon, 22 Aug 2022 05:45:57 GMT
Connection: keep-alive
Server: Bowu.server v1.0
Content-Length: 724


[INFO][2022-08-22 13:45:57.503][10868]server.cpp:262(run): Close socket, client[28]
[INFO][2022-08-22 13:45:57.504][10868]server.cpp:178(run): accept new client[127.0.0.1]
[INFO][2022-08-22 13:45:57.504][10868]server.cpp:194(run): Connect socket[28]
[INFO][2022-08-22 13:45:57.504][10868]server.cpp:250(run): deal with client[28]
[DEBUG][2022-08-22 13:45:57.504][10891]./http/httpconn.cpp:119(process): [request]POST /1 HTTP/1.1
Host: 127.0.0.1:12345
User-Agent: Mozilla/5.0 (X11; Ubuntu; Linux x86_64; rv:88.0) Gecko/20100101 Firefox/88.0
Accept: text/html,application/xhtml+xml,application/xml;q=0.9,image/webp,*/*;q=0.8
Accept-Language: zh-CN,zh;q=0.8,zh-TW;q=0.7,zh-HK;q=0.5,en-US;q=0.3,en;q=0.2
Accept-Encoding: gzip, deflate
Content-Type: application/x-www-form-urlencoded
Content-Length: 0
Origin: http://127.0.0.1:12345
Connection: keep-alive
Referer: http://127.0.0.1:12345/
Upgrade-Insecure-Requests: 1


[INFO][2022-08-22 13:45:57.504][10891]./http/httpconn.cpp:211(get_request): Post /1
[INFO][2022-08-22 13:45:57.504][10891]./main.cpp:47(loginFunc): [POST] url[/1]
[INFO][2022-08-22 13:45:57.504][10868]server.cpp:260(run): Write to client[28], url[/1], ip[127.0.0.1]
[INFO][2022-08-22 13:45:57.504][10868]./http/httpconn.cpp:65(write_once): write:HTTP/1.1 200 OK
Data: Mon, 22 Aug 2022 05:45:57 GMT
Connection: keep-alive
Server: Bowu.server v1.0
Content-Length: 724


[INFO][2022-08-22 13:46:00.674][10868]server.cpp:250(run): deal with client[28]
[DEBUG][2022-08-22 13:46:00.674][10892]./http/httpconn.cpp:119(process): [request]GET /2CGISQL.cgi?user=user0&password=123456 HTTP/1.1
Host: 127.0.0.1:12345
User-Agent: Mozilla/5.0 (X11; Ubuntu; Linux x86_64; rv:88.0) Gecko/20100101 Firefox/88.0
Accept: text/html,application/xhtml+xml,application/xml;q=0.9,image/webp,*/*;q=0.8
Accept-Language: zh-CN,zh;q=0.8,zh-TW;q=0.7,zh-HK;q=0.5,en-US;q=0.3,en;q=0.2
Accept-Encoding: gzip, deflate
Connection: keep-alive
Referer: http://127.0.0.1:12345/1
Upgrade-Insecure-Requests: 1


[INFO][2022-08-22 13:46:00.674][10892]./http/httpconn.cpp:202(get_request): Get /2CGISQL.cgi
[INFO][2022-08-22 13:46:00.693][10892]./mysql/connect_pool.cpp:119(SearchUserAndPasswd): Found User[user0]
[INFO][2022-08-22 13:46:00.694][10868]server.cpp:260(run): Write to client[28], url[/2CGISQL.cgi], ip[127.0.0.1]
[INFO][2022-08-22 13:46:00.694][10868]./http/httpconn.cpp:65(write_once): write:HTTP/1.1 200 OK
Data: Mon, 22 Aug 2022 05:46:00 GMT
Connection: keep-alive
Server: Bowu.server v1.0
Content-Length: 719


[INFO][2022-08-22 13:46:00.694][10868]server.cpp:262(run): Close socket, client[28]
[INFO][2022-08-22 13:46:00.694][10868]server.cpp:178(run): accept new client[127.0.0.1]
[INFO][2022-08-22 13:46:00.694][10868]server.cpp:194(run): Connect socket[28]
[INFO][2022-08-22 13:46:00.694][10868]server.cpp:250(run): deal with client[28]
[DEBUG][2022-08-22 13:46:00.694][10889]./http/httpconn.cpp:119(process): [request]GET /2CGISQL.cgi?user=user0&password=123456 HTTP/1.1
Host: 127.0.0.1:12345
User-Agent: Mozilla/5.0 (X11; Ubuntu; Linux x86_64; rv:88.0) Gecko/20100101 Firefox/88.0
Accept: text/html,application/xhtml+xml,application/xml;q=0.9,image/webp,*/*;q=0.8
Accept-Language: zh-CN,zh;q=0.8,zh-TW;q=0.7,zh-HK;q=0.5,en-US;q=0.3,en;q=0.2
Accept-Encoding: gzip, deflate
Connection: keep-alive
Referer: http://127.0.0.1:12345/1
Upgrade-Insecure-Requests: 1


[INFO][2022-08-22 13:46:00.694][10889]./http/httpconn.cpp:202(get_request): Get /2CGISQL.cgi
[INFO][2022-08-22 13:46:00.694][10889]./mysql/connect_pool.cpp:119(SearchUserAndPasswd): Found User[user0]
[INFO][2022-08-22 13:46:00.695][10868]server.cpp:260(run): Write to client[28], url[/2CGISQL.cgi], ip[127.0.0.1]
[INFO][2022-08-22 13:46:00.695][10868]./http/httpconn.cpp:65(write_once): write:HTTP/1.1 200 OK
Data: Mon, 22 Aug 2022 05:46:00 GMT
Connection: keep-alive
Server: Bowu.server v1.0
Content-Length: 719


[INFO][2022-08-22 13:46:02.169][10868]server.cpp:250(run): deal with client[28]
[DEBUG][2022-08-22 13:46:02.169][10890]./http/httpconn.cpp:119(process): [request]GET /6? HTTP/1.1
Host: 127.0.0.1:12345
User-Agent: Mozilla/5.0 (X11; Ubuntu; Linux x86_64; rv:88.0) Gecko/20100101 Firefox/88.0
Accept: text/html,application/xhtml+xml,application/xml;q=0.9,image/webp,*/*;q=0.8
Accept-Language: zh-CN,zh;q=0.8,zh-TW;q=0.7,zh-HK;q=0.5,en-US;q=0.3,en;q=0.2
Accept-Encoding: gzip, deflate
Connection: keep-alive
Referer: http://127.0.0.1:12345/2CGISQL.cgi?user=user0&password=123456
Upgrade-Insecure-Requests: 1


[INFO][2022-08-22 13:46:02.169][10890]./http/httpconn.cpp:187(get_request): Get source ./root/video.html
[INFO][2022-08-22 13:46:02.169][10868]server.cpp:260(run): Write to client[28], url[/6], ip[127.0.0.1]
[INFO][2022-08-22 13:46:02.169][10868]./http/httpconn.cpp:65(write_once): write:HTTP/1.1 200 OK
Data: Mon, 22 Aug 2022 05:46:02 GMT
Connection: keep-alive
Server: Bowu.server v1.0
Content-Length: 394


[INFO][2022-08-22 13:46:02.169][10868]server.cpp:262(run): Close socket, client[28]
[INFO][2022-08-22 13:46:02.169][10868]server.cpp:178(run): accept new client[127.0.0.1]
[INFO][2022-08-22 13:46:02.169][10868]server.cpp:194(run): Connect socket[28]
[INFO][2022-08-22 13:46:02.169][10868]server.cpp:250(run): deal with client[28]
[DEBUG][2022-08-22 13:46:02.169][10891]./http/httpconn.cpp:119(process): [request]GET /6? HTTP/1.1
Host: 127.0.0.1:12345
User-Agent: Mozilla/5.0 (X11; Ubuntu; Linux x86_64; rv:88.0) Gecko/20100101 Firefox/88.0
Accept: text/html,application/xhtml+xml,application/xml;q=0.9,image/webp,*/*;q=0.8
Accept-Language: zh-CN,zh;q=0.8,zh-TW;q=0.7,zh-HK;q=0.5,en-US;q=0.3,en;q=0.2
Accept-Encoding: gzip, deflate
Connection: keep-alive
Referer: http://127.0.0.1:12345/2CGISQL.cgi?user=user0&password=123456
Upgrade-Insecure-Requests: 1


[INFO][2022-08-22 13:46:02.169][10891]./http/httpconn.cpp:187(get_request): Get source ./root/video.html
[INFO][2022-08-22 13:46:02.169][10868]server.cpp:260(run): Write to client[28], url[/6], ip[127.0.0.1]
[INFO][2022-08-22 13:46:02.169][10868]./http/httpconn.cpp:65(write_once): write:HTTP/1.1 200 OK
Data: Mon, 22 Aug 2022 05:46:02 GMT
Connection: keep-alive
Server: Bowu.server v1.0
Content-Length: 394


[INFO][2022-08-22 13:46:02.246][10868]server.cpp:250(run): deal with client[28]
[DEBUG][2022-08-22 13:46:02.246][10892]./http/httpconn.cpp:119(process): [request]GET /TurnAroundFish.mp4 HTTP/1.1
Host: 127.0.0.1:12345
User-Agent: Mozilla/5.0 (X11; Ubuntu; Linux x86_64; rv:88.0) Gecko/20100101 Firefox/88.0
Accept: video/webm,video/ogg,video/*;q=0.9,application/ogg;q=0.7,audio/*;q=0.6,*/*;q=0.5
Accept-Language: zh-CN,zh;q=0.8,zh-TW;q=0.7,zh-HK;q=0.5,en-US;q=0.3,en;q=0.2
Range: bytes=0-
Connection: keep-alive
Referer: http://127.0.0.1:12345/6?


[INFO][2022-08-22 13:46:02.246][10892]./http/httpconn.cpp:219(get_request): No Found url[/TurnAroundFish.mp4]
[INFO][2022-08-22 13:46:02.246][10868]server.cpp:260(run): Write to client[28], url[/TurnAroundFish.mp4], ip[127.0.0.1]
[INFO][2022-08-22 13:46:02.246][10868]./http/httpconn.cpp:65(write_once): write:HTTP/1.1 404 Not Found
Data: Mon, 22 Aug 2022 05:46:02 GMT
Connection: keep-alive
Server: Bowu.server v1.0
Content-Length: 296


[INFO][2022-08-22 13:46:02.246][10868]server.cpp:262(run): Close socket, client[28]
[INFO][2022-08-22 13:46:02.248][10868]server.cpp:178(run): accept new client[127.0.0.1]
[INFO][2022-08-22 13:46:02.248][10868]server.cpp:194(run): Connect socket[28]
[INFO][2022-08-22 13:46:02.248][10868]server.cpp:250(run): deal with client[28]
[DEBUG][2022-08-22 13:46:02.248][10892]./http/httpconn.cpp:119(process): [request]GET /TurnAroundFish.mp4 HTTP/1.1
Host: 127.0.0.1:12345
User-Agent: Mozilla/5.0 (X11; Ubuntu; Linux x86_64; rv:88.0) Gecko/20100101 Firefox/88.0
Accept: video/webm,video/ogg,video/*;q=0.9,application/ogg;q=0.7,audio/*;q=0.6,*/*;q=0.5
Accept-Language: zh-CN,zh;q=0.8,zh-TW;q=0.7,zh-HK;q=0.5,en-US;q=0.3,en;q=0.2
Range: bytes=0-
Connection: keep-alive
Referer: http://127.0.0.1:12345/6?


[INFO][2022-08-22 13:46:02.248][10892]./http/httpconn.cpp:219(get_request): No Found url[/TurnAroundFish.mp4]
[INFO][2022-08-22 13:46:02.248][10868]server.cpp:260(run): Write to client[28], url[/TurnAroundFish.mp4], ip[127.0.0.1]
[INFO][2022-08-22 13:46:02.248][10868]./http/httpconn.cpp:65(write_once): write:HTTP/1.1 404 Not Found
Data: Mon, 22 Aug 2022 05:46:02 GMT
Connection: keep-alive
Server: Bowu.server v1.0
Content-Length: 296


[INFO][2022-08-22 13:46:08.000][10868]server.cpp:280(run): Close socket, client[127.0.0.1]
