[INFO][2022-08-21 11:07:52.624][14479]./src/threadPool/threadPool.h:120(run): Running...
[INFO][2022-08-21 11:07:52.624][14478]./src/threadPool/threadPool.h:120(run): Running...
[INFO][2022-08-21 11:07:52.624][14480]./src/threadPool/threadPool.h:120(run): Running...
[INFO][2022-08-21 11:07:52.624][14464]./src/threadPool/threadPool.h:93(init): Init thread success
[INFO][2022-08-21 11:07:52.624][14481]./src/threadPool/threadPool.h:120(run): Running...
[DEBUG][2022-08-21 11:07:53.000][14464]main.cpp:236(main): tick
[DEBUG][2022-08-21 11:07:54.000][14464]main.cpp:236(main): tick
[DEBUG][2022-08-21 11:07:55.000][14464]main.cpp:236(main): tick
[DEBUG][2022-08-21 11:07:56.000][14464]main.cpp:236(main): tick
[DEBUG][2022-08-21 11:07:57.000][14464]main.cpp:236(main): tick
[DEBUG][2022-08-21 11:07:58.000][14464]main.cpp:236(main): tick
[DEBUG][2022-08-21 11:07:59.000][14464]main.cpp:236(main): tick
[DEBUG][2022-08-21 11:08:00.000][14464]main.cpp:236(main): tick
[DEBUG][2022-08-21 11:08:01.000][14464]main.cpp:236(main): tick
[DEBUG][2022-08-21 11:08:02.001][14464]main.cpp:236(main): tick
[INFO][2022-08-21 11:08:02.673][14464]main.cpp:184(main): accept new client[127.0.0.1]
[INFO][2022-08-21 11:08:02.673][14464]main.cpp:200(main): Connect socket[29]
[INFO][2022-08-21 11:08:02.676][14464]main.cpp:295(main): deal with client[29]
[DEBUG][2022-08-21 11:08:02.676][14479]./src/http/httpconn.cpp:119(process): [request]GET / HTTP/1.1
Host: 127.0.0.1:12345
User-Agent: Mozilla/5.0 (X11; Ubuntu; Linux x86_64; rv:88.0) Gecko/20100101 Firefox/88.0
Accept: text/html,application/xhtml+xml,application/xml;q=0.9,image/webp,*/*;q=0.8
Accept-Language: zh-CN,zh;q=0.8,zh-TW;q=0.7,zh-HK;q=0.5,en-US;q=0.3,en;q=0.2
Accept-Encoding: gzip, deflate
Connection: keep-alive
Upgrade-Insecure-Requests: 1


[INFO][2022-08-21 11:08:02.676][14479]./src/http/httpconn.cpp:187(get_request): Get source ./root/judge.html
[INFO][2022-08-21 11:08:02.676][14464]main.cpp:314(main): write to client[29], url[/], ip[127.0.0.1]
[INFO][2022-08-21 11:08:02.676][14464]./src/http/httpconn.cpp:65(write_once): write:HTTP/1.1 200 OK
Data: Sun, 21 Aug 2022 03:08:02 GMT
Connection: keep-alive
Server: Bowu.server v1.0
Content-Length: 586


[DEBUG][2022-08-21 11:08:03.000][14464]main.cpp:236(main): tick
[DEBUG][2022-08-21 11:08:04.000][14464]main.cpp:236(main): tick
[DEBUG][2022-08-21 11:08:05.001][14464]main.cpp:236(main): tick
[DEBUG][2022-08-21 11:08:06.000][14464]main.cpp:236(main): tick
[DEBUG][2022-08-21 11:08:07.000][14464]main.cpp:236(main): tick
[DEBUG][2022-08-21 11:08:08.000][14464]main.cpp:236(main): tick
[INFO][2022-08-21 11:08:08.001][14464]main.cpp:335(main): Close socket, client[127.0.0.1]
[DEBUG][2022-08-21 11:08:09.000][14464]main.cpp:236(main): tick
[DEBUG][2022-08-21 11:08:10.000][14464]main.cpp:236(main): tick
[DEBUG][2022-08-21 11:08:11.000][14464]main.cpp:236(main): tick
[DEBUG][2022-08-21 11:08:12.000][14464]main.cpp:236(main): tick
[DEBUG][2022-08-21 11:08:13.000][14464]main.cpp:236(main): tick
[DEBUG][2022-08-21 11:08:14.000][14464]main.cpp:236(main): tick
[DEBUG][2022-08-21 11:08:15.000][14464]main.cpp:236(main): tick
