[INFO][2022-08-20 13:38:00.763][7285]./threadPool/threadPool.h:120(run): Running...
[INFO][2022-08-20 13:38:00.763][7286]./threadPool/threadPool.h:120(run): Running...
[INFO][2022-08-20 13:38:00.764][7287]./threadPool/threadPool.h:120(run): Running...
[INFO][2022-08-20 13:38:00.765][7272]./threadPool/threadPool.h:93(init): Init thread success
[INFO][2022-08-20 13:38:00.765][7288]./threadPool/threadPool.h:120(run): Running...
[INFO][2022-08-20 13:38:05.058][7272]main.cpp:163(main): accept new client[127.0.0.1]
[INFO][2022-08-20 13:38:05.058][7272]main.cpp:177(main): Connect socket[29]
[INFO][2022-08-20 13:38:05.063][7272]main.cpp:260(main): deal with client[29]
[DEBUG][2022-08-20 13:38:05.063][7285]./http/httpconn.cpp:119(process): [request]GET / HTTP/1.1
Host: 127.0.0.1:12345
User-Agent: Mozilla/5.0 (X11; Linux x86_64; rv:91.0) Gecko/20100101 Firefox/91.0
Accept: text/html,application/xhtml+xml,application/xml;q=0.9,image/webp,*/*;q=0.8
Accept-Language: zh-CN,zh;q=0.8,zh-TW;q=0.7,zh-HK;q=0.5,en-US;q=0.3,en;q=0.2
Accept-Encoding: gzip, deflate
Connection: keep-alive
Upgrade-Insecure-Requests: 1
Sec-Fetch-Dest: document
Sec-Fetch-Mode: navigate
Sec-Fetch-Site: none
Sec-Fetch-User: ?1


[INFO][2022-08-20 13:38:05.063][7285]./http/httpconn.cpp:217(get_request): Get source ./root/judge.html
[INFO][2022-08-20 13:38:05.064][7272]main.cpp:278(main): write to client[29], url[/], ip[127.0.0.1]
[INFO][2022-08-20 13:38:05.064][7272]./http/httpconn.cpp:65(write_once): write:HTTP/1.1 200 OK
Data: Sat, 20 Aug 2022 05:38:05 GMT
Connection: keep-alive
Server: Bowu.server v1.0
Content-Length: 586


[INFO][2022-08-20 13:38:07.590][7272]main.cpp:260(main): deal with client[29]
[DEBUG][2022-08-20 13:38:07.590][7285]./http/httpconn.cpp:119(process): [request]POST /0 HTTP/1.1
Host: 127.0.0.1:12345
User-Agent: Mozilla/5.0 (X11; Linux x86_64; rv:91.0) Gecko/20100101 Firefox/91.0
Accept: text/html,application/xhtml+xml,application/xml;q=0.9,image/webp,*/*;q=0.8
Accept-Language: zh-CN,zh;q=0.8,zh-TW;q=0.7,zh-HK;q=0.5,en-US;q=0.3,en;q=0.2
Accept-Encoding: gzip, deflate
Content-Type: application/x-www-form-urlencoded
Content-Length: 0
Origin: http://127.0.0.1:12345
Connection: keep-alive
Referer: http://127.0.0.1:12345/
Upgrade-Insecure-Requests: 1
Sec-Fetch-Dest: document
Sec-Fetch-Mode: navigate
Sec-Fetch-Site: same-origin
Sec-Fetch-User: ?1


[INFO][2022-08-20 13:38:07.590][7285]./http/httpconn.cpp:241(get_request): Post /0
[INFO][2022-08-20 13:38:07.590][7285]main.cpp:344(registFunc): [POST] url[/0]
[INFO][2022-08-20 13:38:07.590][7272]main.cpp:278(main): write to client[29], url[/0], ip[127.0.0.1]
[INFO][2022-08-20 13:38:07.590][7272]./http/httpconn.cpp:65(write_once): write:HTTP/1.1 200 OK
Data: Sat, 20 Aug 2022 05:38:07 GMT
Connection: keep-alive
Server: Bowu.server v1.0
Content-Length: 723


[INFO][2022-08-20 13:38:07.591][7272]main.cpp:280(main): Close socket, client[29]
[INFO][2022-08-20 13:39:10.939][7272]main.cpp:163(main): accept new client[127.0.0.1]
[INFO][2022-08-20 13:39:10.939][7272]main.cpp:177(main): Connect socket[29]
[INFO][2022-08-20 13:39:10.939][7272]main.cpp:260(main): deal with client[29]
[DEBUG][2022-08-20 13:39:10.939][7286]./http/httpconn.cpp:119(process): [request]POST /0 HTTP/1.1
Host: 127.0.0.1:12345
User-Agent: Mozilla/5.0 (X11; Linux x86_64; rv:91.0) Gecko/20100101 Firefox/91.0
Accept: text/html,application/xhtml+xml,application/xml;q=0.9,image/webp,*/*;q=0.8
Accept-Language: zh-CN,zh;q=0.8,zh-TW;q=0.7,zh-HK;q=0.5,en-US;q=0.3,en;q=0.2
Accept-Encoding: gzip, deflate
Content-Type: application/x-www-form-urlencoded
Content-Length: 0
Origin: http://127.0.0.1:12345
Connection: keep-alive
Referer: http://127.0.0.1:12345/
Upgrade-Insecure-Requests: 1
Sec-Fetch-Dest: document
Sec-Fetch-Mode: navigate
Sec-Fetch-Site: same-origin
Sec-Fetch-User: ?1


[INFO][2022-08-20 13:39:10.939][7286]./http/httpconn.cpp:241(get_request): Post /0
[INFO][2022-08-20 13:39:10.939][7286]main.cpp:344(registFunc): [POST] url[/0]
[INFO][2022-08-20 13:39:10.940][7272]main.cpp:278(main): write to client[29], url[/0], ip[127.0.0.1]
[INFO][2022-08-20 13:39:10.940][7272]./http/httpconn.cpp:65(write_once): write:HTTP/1.1 200 OK
Data: Sat, 20 Aug 2022 05:39:10 GMT
Connection: keep-alive
Server: Bowu.server v1.0
Content-Length: 723


[INFO][2022-08-20 13:39:13.875][7272]main.cpp:297(main): Close socket, client[127.0.0.1]
[INFO][2022-08-20 13:39:15.047][7272]main.cpp:163(main): accept new client[127.0.0.1]
[INFO][2022-08-20 13:39:15.047][7272]main.cpp:177(main): Connect socket[29]
[INFO][2022-08-20 13:39:15.047][7272]main.cpp:260(main): deal with client[29]
[DEBUG][2022-08-20 13:39:15.048][7287]./http/httpconn.cpp:119(process): [request]POST /0 HTTP/1.1
Host: 127.0.0.1:12345
User-Agent: Mozilla/5.0 (X11; Linux x86_64; rv:91.0) Gecko/20100101 Firefox/91.0
Accept: text/html,application/xhtml+xml,application/xml;q=0.9,image/webp,*/*;q=0.8
Accept-Language: zh-CN,zh;q=0.8,zh-TW;q=0.7,zh-HK;q=0.5,en-US;q=0.3,en;q=0.2
Accept-Encoding: gzip, deflate
Content-Type: application/x-www-form-urlencoded
Content-Length: 0
Origin: http://127.0.0.1:12345
Connection: keep-alive
Referer: http://127.0.0.1:12345/
Upgrade-Insecure-Requests: 1
Sec-Fetch-Dest: document
Sec-Fetch-Mode: navigate
Sec-Fetch-Site: same-origin
Sec-Fetch-User: ?1


[INFO][2022-08-20 13:39:15.048][7287]./http/httpconn.cpp:241(get_request): Post /0
[INFO][2022-08-20 13:39:15.048][7287]main.cpp:344(registFunc): [POST] url[/0]
[INFO][2022-08-20 13:39:15.048][7272]main.cpp:278(main): write to client[29], url[/0], ip[127.0.0.1]
[INFO][2022-08-20 13:39:15.048][7272]./http/httpconn.cpp:65(write_once): write:HTTP/1.1 200 OK
Data: Sat, 20 Aug 2022 05:39:15 GMT
Connection: keep-alive
Server: Bowu.server v1.0
Content-Length: 723


[INFO][2022-08-20 13:39:18.434][7272]main.cpp:260(main): deal with client[29]
[DEBUG][2022-08-20 13:39:18.434][7287]./http/httpconn.cpp:119(process): [request]POST /1 HTTP/1.1
Host: 127.0.0.1:12345
User-Agent: Mozilla/5.0 (X11; Linux x86_64; rv:91.0) Gecko/20100101 Firefox/91.0
Accept: text/html,application/xhtml+xml,application/xml;q=0.9,image/webp,*/*;q=0.8
Accept-Language: zh-CN,zh;q=0.8,zh-TW;q=0.7,zh-HK;q=0.5,en-US;q=0.3,en;q=0.2
Accept-Encoding: gzip, deflate
Content-Type: application/x-www-form-urlencoded
Content-Length: 0
Origin: http://127.0.0.1:12345
Connection: keep-alive
Referer: http://127.0.0.1:12345/
Upgrade-Insecure-Requests: 1
Sec-Fetch-Dest: document
Sec-Fetch-Mode: navigate
Sec-Fetch-Site: same-origin
Sec-Fetch-User: ?1


[INFO][2022-08-20 13:39:18.434][7287]./http/httpconn.cpp:241(get_request): Post /1
[INFO][2022-08-20 13:39:18.434][7287]main.cpp:353(loginFunc): [POST] url[/1]
[INFO][2022-08-20 13:39:18.434][7272]main.cpp:278(main): write to client[29], url[/1], ip[127.0.0.1]
[INFO][2022-08-20 13:39:18.434][7272]./http/httpconn.cpp:65(write_once): write:HTTP/1.1 200 OK
Data: Sat, 20 Aug 2022 05:39:18 GMT
Connection: keep-alive
Server: Bowu.server v1.0
Content-Length: 724


[INFO][2022-08-20 13:39:18.434][7272]main.cpp:280(main): Close socket, client[29]
[INFO][2022-08-20 13:39:19.981][7272]main.cpp:163(main): accept new client[127.0.0.1]
[INFO][2022-08-20 13:39:19.981][7272]main.cpp:177(main): Connect socket[29]
[INFO][2022-08-20 13:39:19.981][7272]main.cpp:260(main): deal with client[29]
[DEBUG][2022-08-20 13:39:19.982][7287]./http/httpconn.cpp:119(process): [request]POST /1 HTTP/1.1
Host: 127.0.0.1:12345
User-Agent: Mozilla/5.0 (X11; Linux x86_64; rv:91.0) Gecko/20100101 Firefox/91.0
Accept: text/html,application/xhtml+xml,application/xml;q=0.9,image/webp,*/*;q=0.8
Accept-Language: zh-CN,zh;q=0.8,zh-TW;q=0.7,zh-HK;q=0.5,en-US;q=0.3,en;q=0.2
Accept-Encoding: gzip, deflate
Content-Type: application/x-www-form-urlencoded
Content-Length: 0
Origin: http://127.0.0.1:12345
Connection: keep-alive
Referer: http://127.0.0.1:12345/
Upgrade-Insecure-Requests: 1
Sec-Fetch-Dest: document
Sec-Fetch-Mode: navigate
Sec-Fetch-Site: same-origin
Sec-Fetch-User: ?1


[INFO][2022-08-20 13:39:19.982][7287]./http/httpconn.cpp:241(get_request): Post /1
[INFO][2022-08-20 13:39:19.982][7287]main.cpp:353(loginFunc): [POST] url[/1]
[INFO][2022-08-20 13:39:19.982][7272]main.cpp:278(main): write to client[29], url[/1], ip[127.0.0.1]
[INFO][2022-08-20 13:39:19.982][7272]./http/httpconn.cpp:65(write_once): write:HTTP/1.1 200 OK
Data: Sat, 20 Aug 2022 05:39:19 GMT
Connection: keep-alive
Server: Bowu.server v1.0
Content-Length: 724


[INFO][2022-08-20 13:39:22.884][7272]main.cpp:297(main): Close socket, client[127.0.0.1]
[INFO][2022-08-20 13:39:26.337][7272]main.cpp:163(main): accept new client[127.0.0.1]
[INFO][2022-08-20 13:39:26.337][7272]main.cpp:177(main): Connect socket[29]
[INFO][2022-08-20 13:39:26.338][7272]main.cpp:260(main): deal with client[29]
[DEBUG][2022-08-20 13:39:26.338][7287]./http/httpconn.cpp:119(process): [request]POST /1 HTTP/1.1
Host: 127.0.0.1:12345
User-Agent: Mozilla/5.0 (X11; Linux x86_64; rv:91.0) Gecko/20100101 Firefox/91.0
Accept: text/html,application/xhtml+xml,application/xml;q=0.9,image/webp,*/*;q=0.8
Accept-Language: zh-CN,zh;q=0.8,zh-TW;q=0.7,zh-HK;q=0.5,en-US;q=0.3,en;q=0.2
Accept-Encoding: gzip, deflate
Content-Type: application/x-www-form-urlencoded
Content-Length: 0
Origin: http://127.0.0.1:12345
Connection: keep-alive
Referer: http://127.0.0.1:12345/
Upgrade-Insecure-Requests: 1
Sec-Fetch-Dest: document
Sec-Fetch-Mode: navigate
Sec-Fetch-Site: same-origin
Sec-Fetch-User: ?1


[INFO][2022-08-20 13:39:26.338][7287]./http/httpconn.cpp:241(get_request): Post /1
[INFO][2022-08-20 13:39:26.338][7287]main.cpp:353(loginFunc): [POST] url[/1]
[INFO][2022-08-20 13:39:26.338][7272]main.cpp:278(main): write to client[29], url[/1], ip[127.0.0.1]
[INFO][2022-08-20 13:39:26.338][7272]./http/httpconn.cpp:65(write_once): write:HTTP/1.1 200 OK
Data: Sat, 20 Aug 2022 05:39:26 GMT
Connection: keep-alive
Server: Bowu.server v1.0
Content-Length: 724


[INFO][2022-08-20 13:39:29.892][7272]main.cpp:297(main): Close socket, client[127.0.0.1]
