[INFO][2022-08-22 13:47:34.970][11195]./threadPool/threadPool.h:120(run): Running...
[INFO][2022-08-22 13:47:34.970][11196]./threadPool/threadPool.h:120(run): Running...
[INFO][2022-08-22 13:47:34.970][11181]./threadPool/threadPool.h:93(init): Init thread success
[INFO][2022-08-22 13:47:34.970][11197]./threadPool/threadPool.h:120(run): Running...
[INFO][2022-08-22 13:47:34.970][11181]server.cpp:147(run): webserver runing...
[INFO][2022-08-22 13:47:34.972][11198]./threadPool/threadPool.h:120(run): Running...
[INFO][2022-08-22 13:47:38.279][11181]server.cpp:178(run): accept new client[127.0.0.1]
[INFO][2022-08-22 13:47:38.279][11181]server.cpp:194(run): Connect socket[28]
[INFO][2022-08-22 13:47:38.279][11181]server.cpp:250(run): deal with client[28]
[DEBUG][2022-08-22 13:47:38.279][11195]./http/httpconn.cpp:119(process): [request]GET /6? HTTP/1.1
Host: 127.0.0.1:12345
User-Agent: Mozilla/5.0 (X11; Ubuntu; Linux x86_64; rv:88.0) Gecko/20100101 Firefox/88.0
Accept: text/html,application/xhtml+xml,application/xml;q=0.9,image/webp,*/*;q=0.8
Accept-Language: zh-CN,zh;q=0.8,zh-TW;q=0.7,zh-HK;q=0.5,en-US;q=0.3,en;q=0.2
Accept-Encoding: gzip, deflate
Referer: http://127.0.0.1:12345/2CGISQL.cgi?user=user0&password=123456
Connection: keep-alive
Upgrade-Insecure-Requests: 1
Cache-Control: max-age=0


[INFO][2022-08-22 13:47:38.279][11195]./http/httpconn.cpp:187(get_request): Get source ./root/video.html
[INFO][2022-08-22 13:47:38.279][11181]server.cpp:260(run): Write to client[28], url[/6], ip[127.0.0.1]
[INFO][2022-08-22 13:47:38.279][11181]./http/httpconn.cpp:65(write_once): write:HTTP/1.1 200 OK
Data: Mon, 22 Aug 2022 05:47:38 GMT
Connection: keep-alive
Server: Bowu.server v1.0
Content-Length: 394


[INFO][2022-08-22 13:47:38.298][11181]server.cpp:250(run): deal with client[28]
[DEBUG][2022-08-22 13:47:38.298][11196]./http/httpconn.cpp:119(process): [request]GET /TurnAroundFish.mp4 HTTP/1.1
Host: 127.0.0.1:12345
User-Agent: Mozilla/5.0 (X11; Ubuntu; Linux x86_64; rv:88.0) Gecko/20100101 Firefox/88.0
Accept: video/webm,video/ogg,video/*;q=0.9,application/ogg;q=0.7,audio/*;q=0.6,*/*;q=0.5
Accept-Language: zh-CN,zh;q=0.8,zh-TW;q=0.7,zh-HK;q=0.5,en-US;q=0.3,en;q=0.2
Range: bytes=0-
Connection: keep-alive
Referer: http://127.0.0.1:12345/6?
Cache-Control: max-age=0


[INFO][2022-08-22 13:47:38.298][11196]./http/httpconn.cpp:219(get_request): No Found url[/TurnAroundFish.mp4]
[INFO][2022-08-22 13:47:38.298][11181]server.cpp:260(run): Write to client[28], url[/TurnAroundFish.mp4], ip[127.0.0.1]
[INFO][2022-08-22 13:47:38.298][11181]./http/httpconn.cpp:65(write_once): write:HTTP/1.1 404 Not Found
Data: Mon, 22 Aug 2022 05:47:38 GMT
Connection: keep-alive
Server: Bowu.server v1.0
Content-Length: 296


[INFO][2022-08-22 13:47:38.298][11181]server.cpp:262(run): Close socket, client[28]
[INFO][2022-08-22 13:47:38.298][11181]server.cpp:178(run): accept new client[127.0.0.1]
[INFO][2022-08-22 13:47:38.298][11181]server.cpp:194(run): Connect socket[28]
[INFO][2022-08-22 13:47:38.298][11181]server.cpp:250(run): deal with client[28]
[DEBUG][2022-08-22 13:47:38.298][11197]./http/httpconn.cpp:119(process): [request]GET /TurnAroundFish.mp4 HTTP/1.1
Host: 127.0.0.1:12345
User-Agent: Mozilla/5.0 (X11; Ubuntu; Linux x86_64; rv:88.0) Gecko/20100101 Firefox/88.0
Accept: video/webm,video/ogg,video/*;q=0.9,application/ogg;q=0.7,audio/*;q=0.6,*/*;q=0.5
Accept-Language: zh-CN,zh;q=0.8,zh-TW;q=0.7,zh-HK;q=0.5,en-US;q=0.3,en;q=0.2
Range: bytes=0-
Connection: keep-alive
Referer: http://127.0.0.1:12345/6?
Cache-Control: max-age=0


[INFO][2022-08-22 13:47:38.298][11197]./http/httpconn.cpp:219(get_request): No Found url[/TurnAroundFish.mp4]
[INFO][2022-08-22 13:47:38.298][11181]server.cpp:260(run): Write to client[28], url[/TurnAroundFish.mp4], ip[127.0.0.1]
[INFO][2022-08-22 13:47:38.298][11181]./http/httpconn.cpp:65(write_once): write:HTTP/1.1 404 Not Found
Data: Mon, 22 Aug 2022 05:47:38 GMT
Connection: keep-alive
Server: Bowu.server v1.0
Content-Length: 296


[INFO][2022-08-22 13:47:44.001][11181]server.cpp:280(run): Close socket, client[127.0.0.1]
[INFO][2022-08-22 13:47:53.586][11181]server.cpp:178(run): accept new client[127.0.0.1]
[INFO][2022-08-22 13:47:53.586][11181]server.cpp:194(run): Connect socket[28]
[INFO][2022-08-22 13:47:53.598][11181]server.cpp:250(run): deal with client[28]
[DEBUG][2022-08-22 13:47:53.598][11198]./http/httpconn.cpp:119(process): [request]GET / HTTP/1.1
Host: 127.0.0.1:12345
Connection: keep-alive
sec-ch-ua: ".Not/A)Brand";v="99", "Google Chrome";v="103", "Chromium";v="103"
sec-ch-ua-mobile: ?0
sec-ch-ua-platform: "Linux"
Upgrade-Insecure-Requests: 1
User-Agent: Mozilla/5.0 (X11; Linux x86_64) AppleWebKit/537.36 (KHTML, like Gecko) Chrome/103.0.0.0 Safari/537.36
Accept: text/html,application/xhtml+xml,application/xml;q=0.9,image/avif,image/webp,image/apng,*/*;q=0.8,application/signed-exchange;v=b3;q=0.9
Sec-Fetch-Site: none
Sec-Fetch-Mode: navigate
Sec-Fetch-User: ?1
Sec-Fetch-Dest: document
Accept-Encoding: gzip, deflate, br
Accept-Language: zh-CN,zh;q=0.9


[INFO][2022-08-22 13:47:53.598][11198]./http/httpconn.cpp:187(get_request): Get source ./root/judge.html
[INFO][2022-08-22 13:47:53.598][11181]server.cpp:260(run): Write to client[28], url[/], ip[127.0.0.1]
[INFO][2022-08-22 13:47:53.598][11181]./http/httpconn.cpp:65(write_once): write:HTTP/1.1 200 OK
Data: Mon, 22 Aug 2022 05:47:53 GMT
Connection: keep-alive
Server: Bowu.server v1.0
Content-Length: 586


[INFO][2022-08-22 13:47:53.598][11181]server.cpp:178(run): accept new client[127.0.0.1]
[INFO][2022-08-22 13:47:53.598][11181]server.cpp:194(run): Connect socket[34]
[INFO][2022-08-22 13:47:53.633][11181]server.cpp:250(run): deal with client[28]
[DEBUG][2022-08-22 13:47:53.633][11197]./http/httpconn.cpp:119(process): [request]GET /favicon.ico HTTP/1.1
Host: 127.0.0.1:12345
Connection: keep-alive
sec-ch-ua: ".Not/A)Brand";v="99", "Google Chrome";v="103", "Chromium";v="103"
sec-ch-ua-mobile: ?0
User-Agent: Mozilla/5.0 (X11; Linux x86_64) AppleWebKit/537.36 (KHTML, like Gecko) Chrome/103.0.0.0 Safari/537.36
sec-ch-ua-platform: "Linux"
Accept: image/avif,image/webp,image/apng,image/svg+xml,image/*,*/*;q=0.8
Sec-Fetch-Site: same-origin
Sec-Fetch-Mode: no-cors
Sec-Fetch-Dest: image
Referer: http://127.0.0.1:12345/
Accept-Encoding: gzip, deflate, br
Accept-Language: zh-CN,zh;q=0.9


[INFO][2022-08-22 13:47:53.633][11197]./http/httpconn.cpp:187(get_request): Get source ./root/favicon.ico
[INFO][2022-08-22 13:47:53.633][11181]server.cpp:260(run): Write to client[28], url[/favicon.ico], ip[127.0.0.1]
[INFO][2022-08-22 13:47:53.633][11181]./http/httpconn.cpp:65(write_once): write:HTTP/1.1 200 OK
Data: Mon, 22 Aug 2022 05:47:53 GMT
Connection: keep-alive
Server: Bowu.server v1.0
Content-Length: 4286


[INFO][2022-08-22 13:47:53.633][11181]server.cpp:262(run): Close socket, client[28]
[INFO][2022-08-22 13:47:54.859][11181]server.cpp:250(run): deal with client[34]
[DEBUG][2022-08-22 13:47:54.859][11196]./http/httpconn.cpp:119(process): [request]POST /1 HTTP/1.1
Host: 127.0.0.1:12345
Connection: keep-alive
Content-Length: 0
Cache-Control: max-age=0
sec-ch-ua: ".Not/A)Brand";v="99", "Google Chrome";v="103", "Chromium";v="103"
sec-ch-ua-mobile: ?0
sec-ch-ua-platform: "Linux"
Upgrade-Insecure-Requests: 1
Origin: http://127.0.0.1:12345
Content-Type: application/x-www-form-urlencoded
User-Agent: Mozilla/5.0 (X11; Linux x86_64) AppleWebKit/537.36 (KHTML, like Gecko) Chrome/103.0.0.0 Safari/537.36
Accept: text/html,application/xhtml+xml,application/xml;q=0.9,image/avif,image/webp,image/apng,*/*;q=0.8,application/signed-exchange;v=b3;q=0.9
Sec-Fetch-Site: same-origin
Sec-Fetch-Mode: navigate
Sec-Fetch-User: ?1
Sec-Fetch-Dest: document
Referer: http://127.0.0.1:12345/
Accept-Encoding: gzip, deflate, br
Accept-Language: zh-CN,zh;q=0.9


[INFO][2022-08-22 13:47:54.859][11196]./http/httpconn.cpp:211(get_request): Post /1
[INFO][2022-08-22 13:47:54.859][11196]./main.cpp:47(loginFunc): [POST] url[/1]
[INFO][2022-08-22 13:47:54.859][11181]server.cpp:260(run): Write to client[34], url[/1], ip[127.0.0.1]
[INFO][2022-08-22 13:47:54.859][11181]./http/httpconn.cpp:65(write_once): write:HTTP/1.1 200 OK
Data: Mon, 22 Aug 2022 05:47:54 GMT
Connection: keep-alive
Server: Bowu.server v1.0
Content-Length: 724


[INFO][2022-08-22 13:47:54.860][11181]server.cpp:178(run): accept new client[127.0.0.1]
[INFO][2022-08-22 13:47:54.860][11181]server.cpp:194(run): Connect socket[28]
[INFO][2022-08-22 13:47:54.872][11181]server.cpp:250(run): deal with client[34]
[DEBUG][2022-08-22 13:47:54.872][11195]./http/httpconn.cpp:119(process): [request]GET /favicon.ico HTTP/1.1
Host: 127.0.0.1:12345
Connection: keep-alive
sec-ch-ua: ".Not/A)Brand";v="99", "Google Chrome";v="103", "Chromium";v="103"
sec-ch-ua-mobile: ?0
User-Agent: Mozilla/5.0 (X11; Linux x86_64) AppleWebKit/537.36 (KHTML, like Gecko) Chrome/103.0.0.0 Safari/537.36
sec-ch-ua-platform: "Linux"
Accept: image/avif,image/webp,image/apng,image/svg+xml,image/*,*/*;q=0.8
Sec-Fetch-Site: same-origin
Sec-Fetch-Mode: no-cors
Sec-Fetch-Dest: image
Referer: http://127.0.0.1:12345/1
Accept-Encoding: gzip, deflate, br
Accept-Language: zh-CN,zh;q=0.9


[INFO][2022-08-22 13:47:54.872][11195]./http/httpconn.cpp:187(get_request): Get source ./root/favicon.ico
[INFO][2022-08-22 13:47:54.872][11181]server.cpp:260(run): Write to client[34], url[/favicon.ico], ip[127.0.0.1]
[INFO][2022-08-22 13:47:54.872][11181]./http/httpconn.cpp:65(write_once): write:HTTP/1.1 200 OK
Data: Mon, 22 Aug 2022 05:47:54 GMT
Connection: keep-alive
Server: Bowu.server v1.0
Content-Length: 4286


[INFO][2022-08-22 13:47:54.872][11181]server.cpp:262(run): Close socket, client[34]
[INFO][2022-08-22 13:47:59.842][11181]server.cpp:250(run): deal with client[28]
[DEBUG][2022-08-22 13:47:59.842][11195]./http/httpconn.cpp:119(process): [request]GET /2CGISQL.cgi?user=user0&password=123456 HTTP/1.1
Host: 127.0.0.1:12345
Connection: keep-alive
sec-ch-ua: ".Not/A)Brand";v="99", "Google Chrome";v="103", "Chromium";v="103"
sec-ch-ua-mobile: ?0
sec-ch-ua-platform: "Linux"
Upgrade-Insecure-Requests: 1
User-Agent: Mozilla/5.0 (X11; Linux x86_64) AppleWebKit/537.36 (KHTML, like Gecko) Chrome/103.0.0.0 Safari/537.36
Accept: text/html,application/xhtml+xml,application/xml;q=0.9,image/avif,image/webp,image/apng,*/*;q=0.8,application/signed-exchange;v=b3;q=0.9
Sec-Fetch-Site: same-origin
Sec-Fetch-Mode: navigate
Sec-Fetch-User: ?1
Sec-Fetch-Dest: document
Referer: http://127.0.0.1:12345/1
Accept-Encoding: gzip, deflate, br
Accept-Language: zh-CN,zh;q=0.9


[INFO][2022-08-22 13:47:59.842][11195]./http/httpconn.cpp:202(get_request): Get /2CGISQL.cgi
[INFO][2022-08-22 13:47:59.843][11181]server.cpp:178(run): accept new client[127.0.0.1]
[INFO][2022-08-22 13:47:59.843][11181]server.cpp:194(run): Connect socket[34]
[INFO][2022-08-22 13:47:59.843][11195]./mysql/connect_pool.cpp:119(SearchUserAndPasswd): Found User[user0]
[INFO][2022-08-22 13:47:59.843][11181]server.cpp:260(run): Write to client[28], url[/2CGISQL.cgi], ip[127.0.0.1]
[INFO][2022-08-22 13:47:59.843][11181]./http/httpconn.cpp:65(write_once): write:HTTP/1.1 200 OK
Data: Mon, 22 Aug 2022 05:47:59 GMT
Connection: keep-alive
Server: Bowu.server v1.0
Content-Length: 719


[INFO][2022-08-22 13:47:59.875][11181]server.cpp:250(run): deal with client[28]
[DEBUG][2022-08-22 13:47:59.875][11198]./http/httpconn.cpp:119(process): [request]GET /favicon.ico HTTP/1.1
Host: 127.0.0.1:12345
Connection: keep-alive
sec-ch-ua: ".Not/A)Brand";v="99", "Google Chrome";v="103", "Chromium";v="103"
sec-ch-ua-mobile: ?0
User-Agent: Mozilla/5.0 (X11; Linux x86_64) AppleWebKit/537.36 (KHTML, like Gecko) Chrome/103.0.0.0 Safari/537.36
sec-ch-ua-platform: "Linux"
Accept: image/avif,image/webp,image/apng,image/svg+xml,image/*,*/*;q=0.8
Sec-Fetch-Site: same-origin
Sec-Fetch-Mode: no-cors
Sec-Fetch-Dest: image
Referer: http://127.0.0.1:12345/2CGISQL.cgi?user=user0&password=123456
Accept-Encoding: gzip, deflate, br
Accept-Language: zh-CN,zh;q=0.9


[INFO][2022-08-22 13:47:59.875][11198]./http/httpconn.cpp:187(get_request): Get source ./root/favicon.ico
[INFO][2022-08-22 13:47:59.875][11181]server.cpp:260(run): Write to client[28], url[/favicon.ico], ip[127.0.0.1]
[INFO][2022-08-22 13:47:59.875][11181]./http/httpconn.cpp:65(write_once): write:HTTP/1.1 200 OK
Data: Mon, 22 Aug 2022 05:47:59 GMT
Connection: keep-alive
Server: Bowu.server v1.0
Content-Length: 4286


[INFO][2022-08-22 13:47:59.875][11181]server.cpp:262(run): Close socket, client[28]
[INFO][2022-08-22 13:48:01.652][11181]server.cpp:250(run): deal with client[34]
[DEBUG][2022-08-22 13:48:01.652][11196]./http/httpconn.cpp:119(process): [request]GET /6? HTTP/1.1
Host: 127.0.0.1:12345
Connection: keep-alive
sec-ch-ua: ".Not/A)Brand";v="99", "Google Chrome";v="103", "Chromium";v="103"
sec-ch-ua-mobile: ?0
sec-ch-ua-platform: "Linux"
Upgrade-Insecure-Requests: 1
User-Agent: Mozilla/5.0 (X11; Linux x86_64) AppleWebKit/537.36 (KHTML, like Gecko) Chrome/103.0.0.0 Safari/537.36
Accept: text/html,application/xhtml+xml,application/xml;q=0.9,image/avif,image/webp,image/apng,*/*;q=0.8,application/signed-exchange;v=b3;q=0.9
Sec-Fetch-Site: same-origin
Sec-Fetch-Mode: navigate
Sec-Fetch-User: ?1
Sec-Fetch-Dest: document
Referer: http://127.0.0.1:12345/2CGISQL.cgi?user=user0&password=123456
Accept-Encoding: gzip, deflate, br
Accept-Language: zh-CN,zh;q=0.9


[INFO][2022-08-22 13:48:01.652][11196]./http/httpconn.cpp:187(get_request): Get source ./root/video.html
[INFO][2022-08-22 13:48:01.652][11181]server.cpp:260(run): Write to client[34], url[/6], ip[127.0.0.1]
[INFO][2022-08-22 13:48:01.652][11181]./http/httpconn.cpp:65(write_once): write:HTTP/1.1 200 OK
Data: Mon, 22 Aug 2022 05:48:01 GMT
Connection: keep-alive
Server: Bowu.server v1.0
Content-Length: 394


[INFO][2022-08-22 13:48:01.653][11181]server.cpp:178(run): accept new client[127.0.0.1]
[INFO][2022-08-22 13:48:01.653][11181]server.cpp:194(run): Connect socket[28]
[INFO][2022-08-22 13:48:01.676][11181]server.cpp:250(run): deal with client[34]
[DEBUG][2022-08-22 13:48:01.676][11198]./http/httpconn.cpp:119(process): [request]GET /TurnAroundFish.mp4 HTTP/1.1
Host: 127.0.0.1:12345
Connection: keep-alive
sec-ch-ua: ".Not/A)Brand";v="99", "Google Chrome";v="103", "Chromium";v="103"
Accept-Encoding: identity;q=1, *;q=0
sec-ch-ua-mobile: ?0
User-Agent: Mozilla/5.0 (X11; Linux x86_64) AppleWebKit/537.36 (KHTML, like Gecko) Chrome/103.0.0.0 Safari/537.36
sec-ch-ua-platform: "Linux"
Accept: */*
Sec-Fetch-Site: same-origin
Sec-Fetch-Mode: no-cors
Sec-Fetch-Dest: video
Referer: http://127.0.0.1:12345/6?
Accept-Language: zh-CN,zh;q=0.9
Range: bytes=0-


[INFO][2022-08-22 13:48:01.676][11198]./http/httpconn.cpp:219(get_request): No Found url[/TurnAroundFish.mp4]
[INFO][2022-08-22 13:48:01.676][11181]server.cpp:260(run): Write to client[34], url[/TurnAroundFish.mp4], ip[127.0.0.1]
[INFO][2022-08-22 13:48:01.676][11181]./http/httpconn.cpp:65(write_once): write:HTTP/1.1 404 Not Found
Data: Mon, 22 Aug 2022 05:48:01 GMT
Connection: keep-alive
Server: Bowu.server v1.0
Content-Length: 296


[INFO][2022-08-22 13:48:01.676][11181]server.cpp:262(run): Close socket, client[34]
[INFO][2022-08-22 13:48:01.677][11181]server.cpp:250(run): deal with client[28]
[DEBUG][2022-08-22 13:48:01.677][11195]./http/httpconn.cpp:119(process): [request]GET /TurnAroundFish.mp4 HTTP/1.1
Host: 127.0.0.1:12345
Connection: keep-alive
sec-ch-ua: ".Not/A)Brand";v="99", "Google Chrome";v="103", "Chromium";v="103"
Accept-Encoding: identity;q=1, *;q=0
sec-ch-ua-mobile: ?0
User-Agent: Mozilla/5.0 (X11; Linux x86_64) AppleWebKit/537.36 (KHTML, like Gecko) Chrome/103.0.0.0 Safari/537.36
sec-ch-ua-platform: "Linux"
Accept: */*
Sec-Fetch-Site: same-origin
Sec-Fetch-Mode: no-cors
Sec-Fetch-Dest: video
Referer: http://127.0.0.1:12345/6?
Accept-Language: zh-CN,zh;q=0.9
Range: bytes=0-


[INFO][2022-08-22 13:48:01.677][11195]./http/httpconn.cpp:219(get_request): No Found url[/TurnAroundFish.mp4]
[INFO][2022-08-22 13:48:01.677][11181]server.cpp:260(run): Write to client[28], url[/TurnAroundFish.mp4], ip[127.0.0.1]
[INFO][2022-08-22 13:48:01.677][11181]./http/httpconn.cpp:65(write_once): write:HTTP/1.1 404 Not Found
Data: Mon, 22 Aug 2022 05:48:01 GMT
Connection: keep-alive
Server: Bowu.server v1.0
Content-Length: 296


[INFO][2022-08-22 13:48:01.685][11181]server.cpp:250(run): deal with client[28]
[DEBUG][2022-08-22 13:48:01.685][11197]./http/httpconn.cpp:119(process): [request]GET /favicon.ico HTTP/1.1
Host: 127.0.0.1:12345
Connection: keep-alive
sec-ch-ua: ".Not/A)Brand";v="99", "Google Chrome";v="103", "Chromium";v="103"
sec-ch-ua-mobile: ?0
User-Agent: Mozilla/5.0 (X11; Linux x86_64) AppleWebKit/537.36 (KHTML, like Gecko) Chrome/103.0.0.0 Safari/537.36
sec-ch-ua-platform: "Linux"
Accept: image/avif,image/webp,image/apng,image/svg+xml,image/*,*/*;q=0.8
Sec-Fetch-Site: same-origin
Sec-Fetch-Mode: no-cors
Sec-Fetch-Dest: image
Referer: http://127.0.0.1:12345/6?
Accept-Encoding: gzip, deflate, br
Accept-Language: zh-CN,zh;q=0.9


[INFO][2022-08-22 13:48:01.685][11197]./http/httpconn.cpp:187(get_request): Get source ./root/favicon.ico
[INFO][2022-08-22 13:48:01.685][11181]server.cpp:260(run): Write to client[28], url[/favicon.ico], ip[127.0.0.1]
[INFO][2022-08-22 13:48:01.685][11181]./http/httpconn.cpp:65(write_once): write:HTTP/1.1 200 OK
Data: Mon, 22 Aug 2022 05:48:01 GMT
Connection: keep-alive
Server: Bowu.server v1.0
Content-Length: 4286


[INFO][2022-08-22 13:48:01.685][11181]server.cpp:262(run): Close socket, client[28]
