[INFO][2022-08-20 23:46:16.393][13540]./threadPool/threadPool.h:93(init): Init thread success
[INFO][2022-08-20 23:46:16.393][13556]./threadPool/threadPool.h:120(run): Running...
[INFO][2022-08-20 23:46:16.393][13555]./threadPool/threadPool.h:120(run): Running...
[INFO][2022-08-20 23:46:16.394][13553]./threadPool/threadPool.h:120(run): Running...
[INFO][2022-08-20 23:46:16.394][13554]./threadPool/threadPool.h:120(run): Running...
[INFO][2022-08-20 23:46:20.462][13540]main.cpp:171(main): accept new client[127.0.0.1]
[INFO][2022-08-20 23:46:20.462][13540]main.cpp:185(main): Connect socket[29]
[INFO][2022-08-20 23:46:20.467][13540]main.cpp:268(main): deal with client[29]
[DEBUG][2022-08-20 23:46:20.467][13556]./http/httpconn.cpp:119(process): [request]GET / HTTP/1.1
Host: 127.0.0.1:12345
User-Agent: Mozilla/5.0 (X11; Linux x86_64; rv:91.0) Gecko/20100101 Firefox/91.0
Accept: text/html,application/xhtml+xml,application/xml;q=0.9,image/webp,*/*;q=0.8
Accept-Language: zh-CN,zh;q=0.8,zh-TW;q=0.7,zh-HK;q=0.5,en-US;q=0.3,en;q=0.2
Accept-Encoding: gzip, deflate
Connection: keep-alive
Upgrade-Insecure-Requests: 1
Sec-Fetch-Dest: document
Sec-Fetch-Mode: navigate
Sec-Fetch-Site: none
Sec-Fetch-User: ?1


[INFO][2022-08-20 23:46:20.467][13556]./http/httpconn.cpp:217(get_request): Get source ./root/judge.html
[INFO][2022-08-20 23:46:20.467][13540]main.cpp:286(main): write to client[29], url[/], ip[127.0.0.1]
[INFO][2022-08-20 23:46:20.467][13540]./http/httpconn.cpp:65(write_once): write:HTTP/1.1 200 OK
Data: Sat, 20 Aug 2022 15:46:20 GMT
Connection: keep-alive
Server: Bowu.server v1.0
Content-Length: 586


[INFO][2022-08-20 23:46:22.254][13540]main.cpp:268(main): deal with client[29]
[DEBUG][2022-08-20 23:46:22.254][13556]./http/httpconn.cpp:119(process): [request]POST /1 HTTP/1.1
Host: 127.0.0.1:12345
User-Agent: Mozilla/5.0 (X11; Linux x86_64; rv:91.0) Gecko/20100101 Firefox/91.0
Accept: text/html,application/xhtml+xml,application/xml;q=0.9,image/webp,*/*;q=0.8
Accept-Language: zh-CN,zh;q=0.8,zh-TW;q=0.7,zh-HK;q=0.5,en-US;q=0.3,en;q=0.2
Accept-Encoding: gzip, deflate
Content-Type: application/x-www-form-urlencoded
Content-Length: 0
Origin: http://127.0.0.1:12345
Connection: keep-alive
Referer: http://127.0.0.1:12345/
Upgrade-Insecure-Requests: 1
Sec-Fetch-Dest: document
Sec-Fetch-Mode: navigate
Sec-Fetch-Site: same-origin
Sec-Fetch-User: ?1


[INFO][2022-08-20 23:46:22.254][13556]./http/httpconn.cpp:241(get_request): Post /1
[INFO][2022-08-20 23:46:22.254][13556]main.cpp:361(loginFunc): [POST] url[/1]
[INFO][2022-08-20 23:46:22.254][13540]main.cpp:286(main): write to client[29], url[/1], ip[127.0.0.1]
[INFO][2022-08-20 23:46:22.254][13540]./http/httpconn.cpp:65(write_once): write:HTTP/1.1 200 OK
Data: Sat, 20 Aug 2022 15:46:22 GMT
Connection: keep-alive
Server: Bowu.server v1.0
Content-Length: 724


[INFO][2022-08-20 23:46:22.254][13540]main.cpp:288(main): Close socket, client[29]
[INFO][2022-08-20 23:46:23.508][13540]main.cpp:171(main): accept new client[127.0.0.1]
[INFO][2022-08-20 23:46:23.508][13540]main.cpp:185(main): Connect socket[29]
[INFO][2022-08-20 23:46:23.509][13540]main.cpp:268(main): deal with client[29]
[DEBUG][2022-08-20 23:46:23.509][13556]./http/httpconn.cpp:119(process): [request]POST /1 HTTP/1.1
Host: 127.0.0.1:12345
User-Agent: Mozilla/5.0 (X11; Linux x86_64; rv:91.0) Gecko/20100101 Firefox/91.0
Accept: text/html,application/xhtml+xml,application/xml;q=0.9,image/webp,*/*;q=0.8
Accept-Language: zh-CN,zh;q=0.8,zh-TW;q=0.7,zh-HK;q=0.5,en-US;q=0.3,en;q=0.2
Accept-Encoding: gzip, deflate
Content-Type: application/x-www-form-urlencoded
Content-Length: 0
Origin: http://127.0.0.1:12345
Connection: keep-alive
Referer: http://127.0.0.1:12345/
Upgrade-Insecure-Requests: 1
Sec-Fetch-Dest: document
Sec-Fetch-Mode: navigate
Sec-Fetch-Site: same-origin
Sec-Fetch-User: ?1


[INFO][2022-08-20 23:46:23.509][13556]./http/httpconn.cpp:241(get_request): Post /1
[INFO][2022-08-20 23:46:23.509][13556]main.cpp:361(loginFunc): [POST] url[/1]
[INFO][2022-08-20 23:46:23.509][13540]main.cpp:286(main): write to client[29], url[/1], ip[127.0.0.1]
[INFO][2022-08-20 23:46:23.509][13540]./http/httpconn.cpp:65(write_once): write:HTTP/1.1 200 OK
Data: Sat, 20 Aug 2022 15:46:23 GMT
Connection: keep-alive
Server: Bowu.server v1.0
Content-Length: 724


[INFO][2022-08-20 23:46:25.993][13540]main.cpp:268(main): deal with client[29]
[DEBUG][2022-08-20 23:46:25.994][13555]./http/httpconn.cpp:119(process): [request]GET /2CGISQL.cgi?user=user0&password=1234 HTTP/1.1
Host: 127.0.0.1:12345
User-Agent: Mozilla/5.0 (X11; Linux x86_64; rv:91.0) Gecko/20100101 Firefox/91.0
Accept: text/html,application/xhtml+xml,application/xml;q=0.9,image/webp,*/*;q=0.8
Accept-Language: zh-CN,zh;q=0.8,zh-TW;q=0.7,zh-HK;q=0.5,en-US;q=0.3,en;q=0.2
Accept-Encoding: gzip, deflate
Connection: keep-alive
Referer: http://127.0.0.1:12345/1
Upgrade-Insecure-Requests: 1
Sec-Fetch-Dest: document
Sec-Fetch-Mode: navigate
Sec-Fetch-Site: same-origin
Sec-Fetch-User: ?1


[INFO][2022-08-20 23:46:25.994][13555]./http/httpconn.cpp:232(get_request): Get /2CGISQL.cgi
[INFO][2022-08-20 23:46:25.994][13555]./mysql/connect_pool.cpp:119(SearchUserAndPasswd): Found User[user0]
[INFO][2022-08-20 23:46:25.995][13540]main.cpp:286(main): write to client[29], url[/2CGISQL.cgi], ip[127.0.0.1]
[INFO][2022-08-20 23:46:25.995][13540]./http/httpconn.cpp:65(write_once): write:HTTP/1.1 200 OK
Data: Sat, 20 Aug 2022 15:46:25 GMT
Connection: keep-alive
Server: Bowu.server v1.0
Content-Length: 820


[INFO][2022-08-20 23:46:25.995][13540]main.cpp:288(main): Close socket, client[29]
[INFO][2022-08-20 23:46:28.488][13540]main.cpp:171(main): accept new client[127.0.0.1]
[INFO][2022-08-20 23:46:28.488][13540]main.cpp:185(main): Connect socket[29]
[INFO][2022-08-20 23:46:28.489][13540]main.cpp:268(main): deal with client[29]
[DEBUG][2022-08-20 23:46:28.489][13553]./http/httpconn.cpp:119(process): [request]GET /2CGISQL.cgi?user=user0&password=1234 HTTP/1.1
Host: 127.0.0.1:12345
User-Agent: Mozilla/5.0 (X11; Linux x86_64; rv:91.0) Gecko/20100101 Firefox/91.0
Accept: text/html,application/xhtml+xml,application/xml;q=0.9,image/webp,*/*;q=0.8
Accept-Language: zh-CN,zh;q=0.8,zh-TW;q=0.7,zh-HK;q=0.5,en-US;q=0.3,en;q=0.2
Accept-Encoding: gzip, deflate
Connection: keep-alive
Referer: http://127.0.0.1:12345/1
Upgrade-Insecure-Requests: 1
Sec-Fetch-Dest: document
Sec-Fetch-Mode: navigate
Sec-Fetch-Site: same-origin
Sec-Fetch-User: ?1


[INFO][2022-08-20 23:46:28.489][13553]./http/httpconn.cpp:232(get_request): Get /2CGISQL.cgi
[INFO][2022-08-20 23:46:28.489][13553]./mysql/connect_pool.cpp:119(SearchUserAndPasswd): Found User[user0]
[INFO][2022-08-20 23:46:28.489][13540]main.cpp:286(main): write to client[29], url[/2CGISQL.cgi], ip[127.0.0.1]
[INFO][2022-08-20 23:46:28.489][13540]./http/httpconn.cpp:65(write_once): write:HTTP/1.1 200 OK
Data: Sat, 20 Aug 2022 15:46:28 GMT
Connection: keep-alive
Server: Bowu.server v1.0
Content-Length: 820


[INFO][2022-08-20 23:46:31.404][13540]main.cpp:305(main): Close socket, client[127.0.0.1]
[INFO][2022-08-20 23:46:31.645][13540]main.cpp:171(main): accept new client[127.0.0.1]
[INFO][2022-08-20 23:46:31.645][13540]main.cpp:185(main): Connect socket[29]
[INFO][2022-08-20 23:46:31.646][13540]main.cpp:268(main): deal with client[29]
[DEBUG][2022-08-20 23:46:31.647][13554]./http/httpconn.cpp:119(process): [request]GET /2CGISQL.cgi?user=user0&password=123456 HTTP/1.1
Host: 127.0.0.1:12345
User-Agent: Mozilla/5.0 (X11; Linux x86_64; rv:91.0) Gecko/20100101 Firefox/91.0
Accept: text/html,application/xhtml+xml,application/xml;q=0.9,image/webp,*/*;q=0.8
Accept-Language: zh-CN,zh;q=0.8,zh-TW;q=0.7,zh-HK;q=0.5,en-US;q=0.3,en;q=0.2
Accept-Encoding: gzip, deflate
Connection: keep-alive
Referer: http://127.0.0.1:12345/2CGISQL.cgi?user=user0&password=1234
Upgrade-Insecure-Requests: 1
Sec-Fetch-Dest: document
Sec-Fetch-Mode: navigate
Sec-Fetch-Site: same-origin
Sec-Fetch-User: ?1


[INFO][2022-08-20 23:46:31.647][13554]./http/httpconn.cpp:232(get_request): Get /2CGISQL.cgi
[INFO][2022-08-20 23:46:31.647][13554]./mysql/connect_pool.cpp:119(SearchUserAndPasswd): Found User[user0]
[INFO][2022-08-20 23:46:31.647][13540]main.cpp:286(main): write to client[29], url[/2CGISQL.cgi], ip[127.0.0.1]
[INFO][2022-08-20 23:46:31.647][13540]./http/httpconn.cpp:65(write_once): write:HTTP/1.1 200 OK
Data: Sat, 20 Aug 2022 15:46:31 GMT
Connection: keep-alive
Server: Bowu.server v1.0
Content-Length: 720


[INFO][2022-08-20 23:46:33.842][13540]main.cpp:268(main): deal with client[29]
[DEBUG][2022-08-20 23:46:33.842][13556]./http/httpconn.cpp:119(process): [request]GET /7? HTTP/1.1
Host: 127.0.0.1:12345
User-Agent: Mozilla/5.0 (X11; Linux x86_64; rv:91.0) Gecko/20100101 Firefox/91.0
Accept: text/html,application/xhtml+xml,application/xml;q=0.9,image/webp,*/*;q=0.8
Accept-Language: zh-CN,zh;q=0.8,zh-TW;q=0.7,zh-HK;q=0.5,en-US;q=0.3,en;q=0.2
Accept-Encoding: gzip, deflate
Connection: keep-alive
Referer: http://127.0.0.1:12345/2CGISQL.cgi?user=user0&password=123456
Upgrade-Insecure-Requests: 1
Sec-Fetch-Dest: document
Sec-Fetch-Mode: navigate
Sec-Fetch-Site: same-origin
Sec-Fetch-User: ?1


[INFO][2022-08-20 23:46:33.842][13556]./http/httpconn.cpp:249(get_request): 404NoFound
[INFO][2022-08-20 23:46:33.843][13540]main.cpp:286(main): write to client[29], url[/7], ip[127.0.0.1]
[INFO][2022-08-20 23:46:33.843][13540]./http/httpconn.cpp:65(write_once): write:HTTP/1.1 404 Not Found
Data: Sat, 20 Aug 2022 15:46:33 GMT
Connection: keep-alive
Server: Bowu.server v1.0
Content-Length: 296


[INFO][2022-08-20 23:46:33.843][13540]main.cpp:288(main): Close socket, client[29]
[INFO][2022-08-20 23:46:35.369][13540]main.cpp:171(main): accept new client[127.0.0.1]
[INFO][2022-08-20 23:46:35.369][13540]main.cpp:185(main): Connect socket[29]
[INFO][2022-08-20 23:46:35.369][13540]main.cpp:268(main): deal with client[29]
[DEBUG][2022-08-20 23:46:35.369][13556]./http/httpconn.cpp:119(process): [request]GET /7? HTTP/1.1
Host: 127.0.0.1:12345
User-Agent: Mozilla/5.0 (X11; Linux x86_64; rv:91.0) Gecko/20100101 Firefox/91.0
Accept: text/html,application/xhtml+xml,application/xml;q=0.9,image/webp,*/*;q=0.8
Accept-Language: zh-CN,zh;q=0.8,zh-TW;q=0.7,zh-HK;q=0.5,en-US;q=0.3,en;q=0.2
Accept-Encoding: gzip, deflate
Referer: http://127.0.0.1:12345/2CGISQL.cgi?user=user0&password=123456
Connection: keep-alive
Upgrade-Insecure-Requests: 1
Sec-Fetch-Dest: document
Sec-Fetch-Mode: navigate
Sec-Fetch-Site: same-origin
Sec-Fetch-User: ?1
Cache-Control: max-age=0


[INFO][2022-08-20 23:46:35.369][13556]./http/httpconn.cpp:249(get_request): 404NoFound
[INFO][2022-08-20 23:46:35.370][13540]main.cpp:286(main): write to client[29], url[/7], ip[127.0.0.1]
[INFO][2022-08-20 23:46:35.370][13540]./http/httpconn.cpp:65(write_once): write:HTTP/1.1 404 Not Found
Data: Sat, 20 Aug 2022 15:46:35 GMT
Connection: keep-alive
Server: Bowu.server v1.0
Content-Length: 296


[INFO][2022-08-20 23:46:35.403][13540]main.cpp:268(main): deal with client[29]
[DEBUG][2022-08-20 23:46:35.403][13555]./http/httpconn.cpp:119(process): [request]GET /404.JPG HTTP/1.1
Host: 127.0.0.1:12345
User-Agent: Mozilla/5.0 (X11; Linux x86_64; rv:91.0) Gecko/20100101 Firefox/91.0
Accept: image/webp,*/*
Accept-Language: zh-CN,zh;q=0.8,zh-TW;q=0.7,zh-HK;q=0.5,en-US;q=0.3,en;q=0.2
Accept-Encoding: gzip, deflate
Connection: keep-alive
Referer: http://127.0.0.1:12345/7?
Sec-Fetch-Dest: image
Sec-Fetch-Mode: no-cors
Sec-Fetch-Site: same-origin


[INFO][2022-08-20 23:46:35.403][13555]./http/httpconn.cpp:217(get_request): Get source ./root/404.JPG
[INFO][2022-08-20 23:46:35.404][13540]main.cpp:286(main): write to client[29], url[/404.JPG], ip[127.0.0.1]
[INFO][2022-08-20 23:46:35.404][13540]./http/httpconn.cpp:65(write_once): write:HTTP/1.1 200 OK
Data: Sat, 20 Aug 2022 15:46:35 GMT
Connection: keep-alive
Server: Bowu.server v1.0
Content-Length: 70949


[INFO][2022-08-20 23:46:35.404][13540]main.cpp:288(main): Close socket, client[29]
